"../../../Engine/Plugins/2D/Paper2D/Content/PlaceholderTextures/FlatNormalMap.uasset" 0
"../../../Engine/Plugins/2D/Paper2D/Content/PlaceholderTextures/FlatNormalMap.uexp" 1
"../../../Engine/Plugins/2D/Paper2D/Content/PlaceholderTextures/DummySpriteTexture.uasset" 2
"../../../Engine/Plugins/2D/Paper2D/Content/PlaceholderTextures/DummySpriteTexture.uexp" 3
"../../../Engine/Plugins/2D/Paper2D/Content/PlaceholderTextures/DummySpriteTexture.ubulk" 4
"C:/Users/melpi/source/repos/PenningTrap/Content/Assets/Materials/M_DefaultLitSpriteMaterial.uasset" 5
"C:/Users/melpi/source/repos/PenningTrap/Content/Assets/Materials/M_DefaultLitSpriteMaterial.uexp" 6
"C:/Users/melpi/source/repos/PenningTrap/Content/Assets/Materials/MI_DefaultLitSpriteMaterial_Inst.uasset" 7
"C:/Users/melpi/source/repos/PenningTrap/Content/Assets/Materials/MI_DefaultLitSpriteMaterial_Inst.uexp" 8
"C:/Users/melpi/source/repos/PenningTrap/Content/Assets/Textures/Temporary/STICKMAN_RUN-Sheet.uasset" 9
"C:/Users/melpi/source/repos/PenningTrap/Content/Assets/Textures/Temporary/STICKMAN_RUN-Sheet.uexp" 10
"C:/Users/melpi/source/repos/PenningTrap/Content/Assets/Sprites/Temp/STICKMAN_RUN-Sheet_Sprite_2.uasset" 11
"C:/Users/melpi/source/repos/PenningTrap/Content/Assets/Sprites/Temp/STICKMAN_RUN-Sheet_Sprite_2.uexp" 12
"C:/Users/melpi/source/repos/PenningTrap/Content/Assets/Flipbooks/Temp/FB_Idle.uasset" 13
"C:/Users/melpi/source/repos/PenningTrap/Content/Assets/Flipbooks/Temp/FB_Idle.uexp" 14
"C:/Users/melpi/source/repos/PenningTrap/Content/Assets/Textures/Temporary/STICKMAN_LyingDead.uasset" 15
"C:/Users/melpi/source/repos/PenningTrap/Content/Assets/Textures/Temporary/STICKMAN_LyingDead.uexp" 16
"C:/Users/melpi/source/repos/PenningTrap/Content/Assets/Sprites/Temp/STICKMAN_LyingDead_Sprite_0.uasset" 17
"C:/Users/melpi/source/repos/PenningTrap/Content/Assets/Sprites/Temp/STICKMAN_LyingDead_Sprite_0.uexp" 18
"C:/Users/melpi/source/repos/PenningTrap/Content/Assets/Flipbooks/Temp/FB_LyingDead.uasset" 19
"C:/Users/melpi/source/repos/PenningTrap/Content/Assets/Flipbooks/Temp/FB_LyingDead.uexp" 20
"C:/Users/melpi/source/repos/PenningTrap/Content/Assets/Textures/Temporary/STICKMAN_ATTACK.uasset" 21
"C:/Users/melpi/source/repos/PenningTrap/Content/Assets/Textures/Temporary/STICKMAN_ATTACK.uexp" 22
"C:/Users/melpi/source/repos/PenningTrap/Content/Assets/Sprites/Temp/STICKMAN_ATTACK_Sprite.uasset" 23
"C:/Users/melpi/source/repos/PenningTrap/Content/Assets/Sprites/Temp/STICKMAN_ATTACK_Sprite.uexp" 24
"C:/Users/melpi/source/repos/PenningTrap/Content/Assets/Flipbooks/Temp/FB_STICKMAN_ATTACK_Flipbook.uasset" 25
"C:/Users/melpi/source/repos/PenningTrap/Content/Assets/Flipbooks/Temp/FB_STICKMAN_ATTACK_Flipbook.uexp" 26
"C:/Users/melpi/source/repos/PenningTrap/Content/Assets/Textures/Temporary/STICKMAN_DEATH.uasset" 27
"C:/Users/melpi/source/repos/PenningTrap/Content/Assets/Textures/Temporary/STICKMAN_DEATH.uexp" 28
"C:/Users/melpi/source/repos/PenningTrap/Content/Assets/Sprites/Temp/STICKMAN_DEATH_Sprite.uasset" 29
"C:/Users/melpi/source/repos/PenningTrap/Content/Assets/Sprites/Temp/STICKMAN_DEATH_Sprite.uexp" 30
"C:/Users/melpi/source/repos/PenningTrap/Content/Assets/Flipbooks/Temp/FB_STICKMAN_DEATH_Flipbook.uasset" 31
"C:/Users/melpi/source/repos/PenningTrap/Content/Assets/Flipbooks/Temp/FB_STICKMAN_DEATH_Flipbook.uexp" 32
"C:/Users/melpi/source/repos/PenningTrap/Content/Assets/Textures/Temporary/STICKMAN_Fall1.uasset" 33
"C:/Users/melpi/source/repos/PenningTrap/Content/Assets/Textures/Temporary/STICKMAN_Fall1.uexp" 34
"C:/Users/melpi/source/repos/PenningTrap/Content/Assets/Sprites/Temp/STICKMAN_Fall1_Sprite.uasset" 35
"C:/Users/melpi/source/repos/PenningTrap/Content/Assets/Sprites/Temp/STICKMAN_Fall1_Sprite.uexp" 36
"C:/Users/melpi/source/repos/PenningTrap/Content/Assets/Flipbooks/Temp/FB_STICKMAN_Fall.uasset" 37
"C:/Users/melpi/source/repos/PenningTrap/Content/Assets/Flipbooks/Temp/FB_STICKMAN_Fall.uexp" 38
"C:/Users/melpi/source/repos/PenningTrap/Content/Assets/Textures/Temporary/STICKMAN_jump1.uasset" 39
"C:/Users/melpi/source/repos/PenningTrap/Content/Assets/Textures/Temporary/STICKMAN_jump1.uexp" 40
"C:/Users/melpi/source/repos/PenningTrap/Content/Assets/Sprites/Temp/STICKMAN_jump1_Sprite.uasset" 41
"C:/Users/melpi/source/repos/PenningTrap/Content/Assets/Sprites/Temp/STICKMAN_jump1_Sprite.uexp" 42
"C:/Users/melpi/source/repos/PenningTrap/Content/Assets/Flipbooks/Temp/FB_STICKMAN_jump.uasset" 43
"C:/Users/melpi/source/repos/PenningTrap/Content/Assets/Flipbooks/Temp/FB_STICKMAN_jump.uexp" 44
"C:/Users/melpi/source/repos/PenningTrap/Content/Assets/Materials/M_DefaultSpriteMaterial.uasset" 45
"C:/Users/melpi/source/repos/PenningTrap/Content/Assets/Materials/M_DefaultSpriteMaterial.uexp" 46
"C:/Users/melpi/source/repos/PenningTrap/Content/Assets/TileAssets/BGplan2.uasset" 47
"C:/Users/melpi/source/repos/PenningTrap/Content/Assets/TileAssets/BGplan2.uexp" 48
"../../../Engine/Plugins/2D/Paper2D/Content/DefaultSpriteMaterial.uasset" 49
"../../../Engine/Plugins/2D/Paper2D/Content/DefaultSpriteMaterial.uexp" 50
"../../../Engine/Plugins/2D/Paper2D/Content/TranslucentUnlitSpriteMaterial.uasset" 51
"../../../Engine/Plugins/2D/Paper2D/Content/TranslucentUnlitSpriteMaterial.uexp" 52
"C:/Users/melpi/source/repos/PenningTrap/Content/Assets/Sprites/BGplan2_Sprite.uasset" 53
"C:/Users/melpi/source/repos/PenningTrap/Content/Assets/Sprites/BGplan2_Sprite.uexp" 54
"C:/Users/melpi/source/repos/PenningTrap/Content/Assets/Textures/Temporary/captured_enemy.uasset" 55
"C:/Users/melpi/source/repos/PenningTrap/Content/Assets/Textures/Temporary/captured_enemy.uexp" 56
"C:/Users/melpi/source/repos/PenningTrap/Content/Assets/NormalMap__1_.uasset" 57
"C:/Users/melpi/source/repos/PenningTrap/Content/Assets/NormalMap__1_.uexp" 58
"C:/Users/melpi/source/repos/PenningTrap/Content/Assets/NormalMap__1_.ubulk" 59
"C:/Users/melpi/source/repos/PenningTrap/Content/Assets/Sprites/Temp/captured_enemy_Sprite.uasset" 60
"C:/Users/melpi/source/repos/PenningTrap/Content/Assets/Sprites/Temp/captured_enemy_Sprite.uexp" 61
"C:/Users/melpi/source/repos/PenningTrap/Content/Assets/Textures/BG_color_test_1_plan.uasset" 62
"C:/Users/melpi/source/repos/PenningTrap/Content/Assets/Textures/BG_color_test_1_plan.uexp" 63
"C:/Users/melpi/source/repos/PenningTrap/Content/Assets/Textures/Temporary/Enemy.uasset" 64
"C:/Users/melpi/source/repos/PenningTrap/Content/Assets/Textures/Temporary/Enemy.uexp" 65
"C:/Users/melpi/source/repos/PenningTrap/Content/Assets/Textures/Temporary/fioletowe_jajo.uasset" 66
"C:/Users/melpi/source/repos/PenningTrap/Content/Assets/Textures/Temporary/fioletowe_jajo.uexp" 67
"C:/Users/melpi/source/repos/PenningTrap/Content/Assets/Textures/Temporary/generator_for_portal.uasset" 68
"C:/Users/melpi/source/repos/PenningTrap/Content/Assets/Textures/Temporary/generator_for_portal.uexp" 69
"C:/Users/melpi/source/repos/PenningTrap/Content/Assets/Textures/Temporary/PORTAL_ACTIVE.uasset" 70
"C:/Users/melpi/source/repos/PenningTrap/Content/Assets/Textures/Temporary/PORTAL_ACTIVE.uexp" 71
"C:/Users/melpi/source/repos/PenningTrap/Content/Assets/Textures/Temporary/PORTAL_INACTIVE.uasset" 72
"C:/Users/melpi/source/repos/PenningTrap/Content/Assets/Textures/Temporary/PORTAL_INACTIVE.uexp" 73
"C:/Users/melpi/source/repos/PenningTrap/Content/Assets/Textures/Temporary/zbiornik.uasset" 74
"C:/Users/melpi/source/repos/PenningTrap/Content/Assets/Textures/Temporary/zbiornik.uexp" 75
"C:/Users/melpi/source/repos/PenningTrap/Content/Assets/TileAssets/BG2_Plan3.uasset" 76
"C:/Users/melpi/source/repos/PenningTrap/Content/Assets/TileAssets/BG2_Plan3.uexp" 77
"C:/Users/melpi/source/repos/PenningTrap/Content/Assets/Sprites/BG_AntiWorld1.uasset" 78
"C:/Users/melpi/source/repos/PenningTrap/Content/Assets/Sprites/BG_AntiWorld1.uexp" 79
"C:/Users/melpi/source/repos/PenningTrap/Content/Assets/TileAssets/BGplan3.uasset" 80
"C:/Users/melpi/source/repos/PenningTrap/Content/Assets/TileAssets/BGplan3.uexp" 81
"C:/Users/melpi/source/repos/PenningTrap/Content/Assets/Sprites/BG_World1.uasset" 82
"C:/Users/melpi/source/repos/PenningTrap/Content/Assets/Sprites/BG_World1.uexp" 83
"C:/Users/melpi/source/repos/PenningTrap/Content/Assets/Sprites/Temp/STICKMAN_RUN-Sheet_Sprite_6.uasset" 84
"C:/Users/melpi/source/repos/PenningTrap/Content/Assets/Sprites/Temp/STICKMAN_RUN-Sheet_Sprite_6.uexp" 85
"C:/Users/melpi/source/repos/PenningTrap/Content/Assets/Sprites/Temp/STICKMAN_RUN-Sheet_Sprite_5.uasset" 86
"C:/Users/melpi/source/repos/PenningTrap/Content/Assets/Sprites/Temp/STICKMAN_RUN-Sheet_Sprite_5.uexp" 87
"C:/Users/melpi/source/repos/PenningTrap/Content/Assets/Sprites/Temp/STICKMAN_RUN-Sheet_Sprite_4.uasset" 88
"C:/Users/melpi/source/repos/PenningTrap/Content/Assets/Sprites/Temp/STICKMAN_RUN-Sheet_Sprite_4.uexp" 89
"C:/Users/melpi/source/repos/PenningTrap/Content/Assets/Sprites/Temp/STICKMAN_RUN-Sheet_Sprite_3.uasset" 90
"C:/Users/melpi/source/repos/PenningTrap/Content/Assets/Sprites/Temp/STICKMAN_RUN-Sheet_Sprite_3.uexp" 91
"C:/Users/melpi/source/repos/PenningTrap/Content/Assets/Sprites/Temp/STICKMAN_RUN-Sheet_Sprite_1.uasset" 92
"C:/Users/melpi/source/repos/PenningTrap/Content/Assets/Sprites/Temp/STICKMAN_RUN-Sheet_Sprite_1.uexp" 93
"C:/Users/melpi/source/repos/PenningTrap/Content/Assets/Sprites/Temp/STICKMAN_RUN-Sheet_Sprite_0.uasset" 94
"C:/Users/melpi/source/repos/PenningTrap/Content/Assets/Sprites/Temp/STICKMAN_RUN-Sheet_Sprite_0.uexp" 95
"C:/Users/melpi/source/repos/PenningTrap/Content/Assets/Flipbooks/Temp/FB_Run.uasset" 96
"C:/Users/melpi/source/repos/PenningTrap/Content/Assets/Flipbooks/Temp/FB_Run.uexp" 97
"C:/Users/melpi/source/repos/PenningTrap/Content/Blueprints/E_PlayerMovement.uasset" 98
"C:/Users/melpi/source/repos/PenningTrap/Content/Blueprints/E_PlayerMovement.uexp" 99
"C:/Users/melpi/source/repos/PenningTrap/Content/Assets/Textures/Character_idle-Sheet.uasset" 100
"C:/Users/melpi/source/repos/PenningTrap/Content/Assets/Textures/Character_idle-Sheet.uexp" 101
"C:/Users/melpi/source/repos/PenningTrap/Content/Assets/Sprites/Character_idle-Sheet_Sprite_0.uasset" 102
"C:/Users/melpi/source/repos/PenningTrap/Content/Assets/Sprites/Character_idle-Sheet_Sprite_0.uexp" 103
"C:/Users/melpi/source/repos/PenningTrap/Content/Assets/Sprites/Character_idle-Sheet_Sprite_1.uasset" 104
"C:/Users/melpi/source/repos/PenningTrap/Content/Assets/Sprites/Character_idle-Sheet_Sprite_1.uexp" 105
"C:/Users/melpi/source/repos/PenningTrap/Content/Assets/Sprites/Character_idle-Sheet_Sprite_2.uasset" 106
"C:/Users/melpi/source/repos/PenningTrap/Content/Assets/Sprites/Character_idle-Sheet_Sprite_2.uexp" 107
"C:/Users/melpi/source/repos/PenningTrap/Content/Assets/Sprites/Character_idle-Sheet_Sprite_5.uasset" 108
"C:/Users/melpi/source/repos/PenningTrap/Content/Assets/Sprites/Character_idle-Sheet_Sprite_5.uexp" 109
"C:/Users/melpi/source/repos/PenningTrap/Content/Assets/Sprites/Character_idle-Sheet_Sprite_4.uasset" 110
"C:/Users/melpi/source/repos/PenningTrap/Content/Assets/Sprites/Character_idle-Sheet_Sprite_4.uexp" 111
"C:/Users/melpi/source/repos/PenningTrap/Content/Assets/Sprites/Character_idle-Sheet_Sprite_3.uasset" 112
"C:/Users/melpi/source/repos/PenningTrap/Content/Assets/Sprites/Character_idle-Sheet_Sprite_3.uexp" 113
"C:/Users/melpi/source/repos/PenningTrap/Content/Assets/Flipbooks/FB_CharacterIdle.uasset" 114
"C:/Users/melpi/source/repos/PenningTrap/Content/Assets/Flipbooks/FB_CharacterIdle.uexp" 115
"C:/Users/melpi/source/repos/PenningTrap/Content/Assets/Textures/Character_fall.uasset" 116
"C:/Users/melpi/source/repos/PenningTrap/Content/Assets/Textures/Character_fall.uexp" 117
"C:/Users/melpi/source/repos/PenningTrap/Content/Assets/Sprites/Character_fall_Sprite.uasset" 118
"C:/Users/melpi/source/repos/PenningTrap/Content/Assets/Sprites/Character_fall_Sprite.uexp" 119
"C:/Users/melpi/source/repos/PenningTrap/Content/Assets/Flipbooks/FB_Fall.uasset" 120
"C:/Users/melpi/source/repos/PenningTrap/Content/Assets/Flipbooks/FB_Fall.uexp" 121
"C:/Users/melpi/source/repos/PenningTrap/Content/Assets/Textures/Character_jump-Sheet.uasset" 122
"C:/Users/melpi/source/repos/PenningTrap/Content/Assets/Textures/Character_jump-Sheet.uexp" 123
"C:/Users/melpi/source/repos/PenningTrap/Content/Assets/Sprites/Character_jump-Sheet_Sprite_5.uasset" 124
"C:/Users/melpi/source/repos/PenningTrap/Content/Assets/Sprites/Character_jump-Sheet_Sprite_5.uexp" 125
"C:/Users/melpi/source/repos/PenningTrap/Content/Assets/Sprites/Character_jump-Sheet_Sprite_4.uasset" 126
"C:/Users/melpi/source/repos/PenningTrap/Content/Assets/Sprites/Character_jump-Sheet_Sprite_4.uexp" 127
"C:/Users/melpi/source/repos/PenningTrap/Content/Assets/Sprites/Character_jump-Sheet_Sprite_3.uasset" 128
"C:/Users/melpi/source/repos/PenningTrap/Content/Assets/Sprites/Character_jump-Sheet_Sprite_3.uexp" 129
"C:/Users/melpi/source/repos/PenningTrap/Content/Assets/Sprites/Character_jump-Sheet_Sprite_2.uasset" 130
"C:/Users/melpi/source/repos/PenningTrap/Content/Assets/Sprites/Character_jump-Sheet_Sprite_2.uexp" 131
"C:/Users/melpi/source/repos/PenningTrap/Content/Assets/Sprites/Character_jump-Sheet_Sprite_1.uasset" 132
"C:/Users/melpi/source/repos/PenningTrap/Content/Assets/Sprites/Character_jump-Sheet_Sprite_1.uexp" 133
"C:/Users/melpi/source/repos/PenningTrap/Content/Assets/Sprites/Character_jump-Sheet_Sprite_0.uasset" 134
"C:/Users/melpi/source/repos/PenningTrap/Content/Assets/Sprites/Character_jump-Sheet_Sprite_0.uexp" 135
"C:/Users/melpi/source/repos/PenningTrap/Content/Assets/Flipbooks/FB_Jump.uasset" 136
"C:/Users/melpi/source/repos/PenningTrap/Content/Assets/Flipbooks/FB_Jump.uexp" 137
"C:/Users/melpi/source/repos/PenningTrap/Content/Assets/Textures/Character_death-Sheet.uasset" 138
"C:/Users/melpi/source/repos/PenningTrap/Content/Assets/Textures/Character_death-Sheet.uexp" 139
"C:/Users/melpi/source/repos/PenningTrap/Content/Assets/Sprites/Character_death-Sheet_Sprite_2.uasset" 140
"C:/Users/melpi/source/repos/PenningTrap/Content/Assets/Sprites/Character_death-Sheet_Sprite_2.uexp" 141
"C:/Users/melpi/source/repos/PenningTrap/Content/Assets/Sprites/Character_death-Sheet_Sprite_4.uasset" 142
"C:/Users/melpi/source/repos/PenningTrap/Content/Assets/Sprites/Character_death-Sheet_Sprite_4.uexp" 143
"C:/Users/melpi/source/repos/PenningTrap/Content/Assets/Sprites/Character_death-Sheet_Sprite_5.uasset" 144
"C:/Users/melpi/source/repos/PenningTrap/Content/Assets/Sprites/Character_death-Sheet_Sprite_5.uexp" 145
"C:/Users/melpi/source/repos/PenningTrap/Content/Assets/Sprites/Character_death-Sheet_Sprite_0.uasset" 146
"C:/Users/melpi/source/repos/PenningTrap/Content/Assets/Sprites/Character_death-Sheet_Sprite_0.uexp" 147
"C:/Users/melpi/source/repos/PenningTrap/Content/Assets/Sprites/Character_death-Sheet_Sprite_3.uasset" 148
"C:/Users/melpi/source/repos/PenningTrap/Content/Assets/Sprites/Character_death-Sheet_Sprite_3.uexp" 149
"C:/Users/melpi/source/repos/PenningTrap/Content/Assets/Sprites/Character_death-Sheet_Sprite_1.uasset" 150
"C:/Users/melpi/source/repos/PenningTrap/Content/Assets/Sprites/Character_death-Sheet_Sprite_1.uexp" 151
"C:/Users/melpi/source/repos/PenningTrap/Content/Assets/Flipbooks/FB_Death.uasset" 152
"C:/Users/melpi/source/repos/PenningTrap/Content/Assets/Flipbooks/FB_Death.uexp" 153
"C:/Users/melpi/source/repos/PenningTrap/Content/Audio/SFX/Shift/Reverbed/Shift_Reverbed-005.uasset" 154
"C:/Users/melpi/source/repos/PenningTrap/Content/Audio/SFX/Shift/Reverbed/Shift_Reverbed-005.uexp" 155
"C:/Users/melpi/source/repos/PenningTrap/Content/Audio/SFX/Shift/Reverbed/Shift_Reverbed-004.uasset" 156
"C:/Users/melpi/source/repos/PenningTrap/Content/Audio/SFX/Shift/Reverbed/Shift_Reverbed-004.uexp" 157
"C:/Users/melpi/source/repos/PenningTrap/Content/Audio/SFX/Shift/Reverbed/Shift_Reverbed-003.uasset" 158
"C:/Users/melpi/source/repos/PenningTrap/Content/Audio/SFX/Shift/Reverbed/Shift_Reverbed-003.uexp" 159
"C:/Users/melpi/source/repos/PenningTrap/Content/Audio/SFX/Shift/Reverbed/Shift_Reverbed-002.uasset" 160
"C:/Users/melpi/source/repos/PenningTrap/Content/Audio/SFX/Shift/Reverbed/Shift_Reverbed-002.uexp" 161
"C:/Users/melpi/source/repos/PenningTrap/Content/Audio/SFX/Shift/Reverbed/Shift_Reverbed-001.uasset" 162
"C:/Users/melpi/source/repos/PenningTrap/Content/Audio/SFX/Shift/Reverbed/Shift_Reverbed-001.uexp" 163
"C:/Users/melpi/source/repos/PenningTrap/Content/Audio/SoundCues/Shift_to_lab.uasset" 164
"C:/Users/melpi/source/repos/PenningTrap/Content/Audio/SoundCues/Shift_to_lab.uexp" 165
"C:/Users/melpi/source/repos/PenningTrap/Content/Audio/SFX/Player_loc/Jump/Lab/Jump_start_reverb-004.uasset" 166
"C:/Users/melpi/source/repos/PenningTrap/Content/Audio/SFX/Player_loc/Jump/Lab/Jump_start_reverb-004.uexp" 167
"C:/Users/melpi/source/repos/PenningTrap/Content/Audio/SFX/Player_loc/Jump/Lab/Jump_start_reverb-003.uasset" 168
"C:/Users/melpi/source/repos/PenningTrap/Content/Audio/SFX/Player_loc/Jump/Lab/Jump_start_reverb-003.uexp" 169
"C:/Users/melpi/source/repos/PenningTrap/Content/Audio/SFX/Player_loc/Jump/Lab/Jump_start_reverb-002.uasset" 170
"C:/Users/melpi/source/repos/PenningTrap/Content/Audio/SFX/Player_loc/Jump/Lab/Jump_start_reverb-002.uexp" 171
"C:/Users/melpi/source/repos/PenningTrap/Content/Audio/SFX/Player_loc/Jump/Lab/Jump_start_reverb-001.uasset" 172
"C:/Users/melpi/source/repos/PenningTrap/Content/Audio/SFX/Player_loc/Jump/Lab/Jump_start_reverb-001.uexp" 173
"C:/Users/melpi/source/repos/PenningTrap/Content/Audio/SoundCues/Jump_start_lab.uasset" 174
"C:/Users/melpi/source/repos/PenningTrap/Content/Audio/SoundCues/Jump_start_lab.uexp" 175
"C:/Users/melpi/source/repos/PenningTrap/Content/Audio/SFX/Player_loc/Footsteps/Void/Footstep_void-012.uasset" 176
"C:/Users/melpi/source/repos/PenningTrap/Content/Audio/SFX/Player_loc/Footsteps/Void/Footstep_void-012.uexp" 177
"C:/Users/melpi/source/repos/PenningTrap/Content/Audio/SFX/Player_loc/Footsteps/Void/Footstep_void-011.uasset" 178
"C:/Users/melpi/source/repos/PenningTrap/Content/Audio/SFX/Player_loc/Footsteps/Void/Footstep_void-011.uexp" 179
"C:/Users/melpi/source/repos/PenningTrap/Content/Audio/SFX/Player_loc/Footsteps/Void/Footstep_void-010.uasset" 180
"C:/Users/melpi/source/repos/PenningTrap/Content/Audio/SFX/Player_loc/Footsteps/Void/Footstep_void-010.uexp" 181
"C:/Users/melpi/source/repos/PenningTrap/Content/Audio/SFX/Player_loc/Footsteps/Void/Footstep_void-009.uasset" 182
"C:/Users/melpi/source/repos/PenningTrap/Content/Audio/SFX/Player_loc/Footsteps/Void/Footstep_void-009.uexp" 183
"C:/Users/melpi/source/repos/PenningTrap/Content/Audio/SFX/Player_loc/Footsteps/Void/Footstep_void-008.uasset" 184
"C:/Users/melpi/source/repos/PenningTrap/Content/Audio/SFX/Player_loc/Footsteps/Void/Footstep_void-008.uexp" 185
"C:/Users/melpi/source/repos/PenningTrap/Content/Audio/SFX/Player_loc/Footsteps/Void/Footstep_void-007.uasset" 186
"C:/Users/melpi/source/repos/PenningTrap/Content/Audio/SFX/Player_loc/Footsteps/Void/Footstep_void-007.uexp" 187
"C:/Users/melpi/source/repos/PenningTrap/Content/Audio/SFX/Player_loc/Footsteps/Void/Footstep_void-006.uasset" 188
"C:/Users/melpi/source/repos/PenningTrap/Content/Audio/SFX/Player_loc/Footsteps/Void/Footstep_void-006.uexp" 189
"C:/Users/melpi/source/repos/PenningTrap/Content/Audio/SFX/Player_loc/Footsteps/Void/Footstep_void-005.uasset" 190
"C:/Users/melpi/source/repos/PenningTrap/Content/Audio/SFX/Player_loc/Footsteps/Void/Footstep_void-005.uexp" 191
"C:/Users/melpi/source/repos/PenningTrap/Content/Audio/SFX/Player_loc/Footsteps/Void/Footstep_void-004.uasset" 192
"C:/Users/melpi/source/repos/PenningTrap/Content/Audio/SFX/Player_loc/Footsteps/Void/Footstep_void-004.uexp" 193
"C:/Users/melpi/source/repos/PenningTrap/Content/Audio/SFX/Player_loc/Footsteps/Void/Footstep_void-003.uasset" 194
"C:/Users/melpi/source/repos/PenningTrap/Content/Audio/SFX/Player_loc/Footsteps/Void/Footstep_void-003.uexp" 195
"C:/Users/melpi/source/repos/PenningTrap/Content/Audio/SFX/Player_loc/Footsteps/Void/Footstep_void-002.uasset" 196
"C:/Users/melpi/source/repos/PenningTrap/Content/Audio/SFX/Player_loc/Footsteps/Void/Footstep_void-002.uexp" 197
"C:/Users/melpi/source/repos/PenningTrap/Content/Audio/SFX/Player_loc/Footsteps/Void/Footstep_void-001.uasset" 198
"C:/Users/melpi/source/repos/PenningTrap/Content/Audio/SFX/Player_loc/Footsteps/Void/Footstep_void-001.uexp" 199
"C:/Users/melpi/source/repos/PenningTrap/Content/Audio/SoundCues/Footsteps_void.uasset" 200
"C:/Users/melpi/source/repos/PenningTrap/Content/Audio/SoundCues/Footsteps_void.uexp" 201
"C:/Users/melpi/source/repos/PenningTrap/Content/Audio/SFX/Player_loc/Footsteps/Lab/Footsteps_lab-014.uasset" 202
"C:/Users/melpi/source/repos/PenningTrap/Content/Audio/SFX/Player_loc/Footsteps/Lab/Footsteps_lab-014.uexp" 203
"C:/Users/melpi/source/repos/PenningTrap/Content/Audio/SFX/Player_loc/Footsteps/Lab/Footsteps_lab-013.uasset" 204
"C:/Users/melpi/source/repos/PenningTrap/Content/Audio/SFX/Player_loc/Footsteps/Lab/Footsteps_lab-013.uexp" 205
"C:/Users/melpi/source/repos/PenningTrap/Content/Audio/SFX/Player_loc/Footsteps/Lab/Footsteps_lab-012.uasset" 206
"C:/Users/melpi/source/repos/PenningTrap/Content/Audio/SFX/Player_loc/Footsteps/Lab/Footsteps_lab-012.uexp" 207
"C:/Users/melpi/source/repos/PenningTrap/Content/Audio/SFX/Player_loc/Footsteps/Lab/Footsteps_lab-011.uasset" 208
"C:/Users/melpi/source/repos/PenningTrap/Content/Audio/SFX/Player_loc/Footsteps/Lab/Footsteps_lab-011.uexp" 209
"C:/Users/melpi/source/repos/PenningTrap/Content/Audio/SFX/Player_loc/Footsteps/Lab/Footsteps_lab-010.uasset" 210
"C:/Users/melpi/source/repos/PenningTrap/Content/Audio/SFX/Player_loc/Footsteps/Lab/Footsteps_lab-010.uexp" 211
"C:/Users/melpi/source/repos/PenningTrap/Content/Audio/SFX/Player_loc/Footsteps/Lab/Footsteps_lab-009.uasset" 212
"C:/Users/melpi/source/repos/PenningTrap/Content/Audio/SFX/Player_loc/Footsteps/Lab/Footsteps_lab-009.uexp" 213
"C:/Users/melpi/source/repos/PenningTrap/Content/Audio/SFX/Player_loc/Footsteps/Lab/Footsteps_lab-008.uasset" 214
"C:/Users/melpi/source/repos/PenningTrap/Content/Audio/SFX/Player_loc/Footsteps/Lab/Footsteps_lab-008.uexp" 215
"C:/Users/melpi/source/repos/PenningTrap/Content/Audio/SFX/Player_loc/Footsteps/Lab/Footsteps_lab-007.uasset" 216
"C:/Users/melpi/source/repos/PenningTrap/Content/Audio/SFX/Player_loc/Footsteps/Lab/Footsteps_lab-007.uexp" 217
"C:/Users/melpi/source/repos/PenningTrap/Content/Audio/SFX/Player_loc/Footsteps/Lab/Footsteps_lab-006.uasset" 218
"C:/Users/melpi/source/repos/PenningTrap/Content/Audio/SFX/Player_loc/Footsteps/Lab/Footsteps_lab-006.uexp" 219
"C:/Users/melpi/source/repos/PenningTrap/Content/Audio/SFX/Player_loc/Footsteps/Lab/Footsteps_lab-005.uasset" 220
"C:/Users/melpi/source/repos/PenningTrap/Content/Audio/SFX/Player_loc/Footsteps/Lab/Footsteps_lab-005.uexp" 221
"C:/Users/melpi/source/repos/PenningTrap/Content/Audio/SFX/Player_loc/Footsteps/Lab/Footsteps_lab-004.uasset" 222
"C:/Users/melpi/source/repos/PenningTrap/Content/Audio/SFX/Player_loc/Footsteps/Lab/Footsteps_lab-004.uexp" 223
"C:/Users/melpi/source/repos/PenningTrap/Content/Audio/SFX/Player_loc/Footsteps/Lab/Footsteps_lab-003.uasset" 224
"C:/Users/melpi/source/repos/PenningTrap/Content/Audio/SFX/Player_loc/Footsteps/Lab/Footsteps_lab-003.uexp" 225
"C:/Users/melpi/source/repos/PenningTrap/Content/Audio/SFX/Player_loc/Footsteps/Lab/Footsteps_lab-002.uasset" 226
"C:/Users/melpi/source/repos/PenningTrap/Content/Audio/SFX/Player_loc/Footsteps/Lab/Footsteps_lab-002.uexp" 227
"C:/Users/melpi/source/repos/PenningTrap/Content/Audio/SFX/Player_loc/Footsteps/Lab/Footsteps_lab-001.uasset" 228
"C:/Users/melpi/source/repos/PenningTrap/Content/Audio/SFX/Player_loc/Footsteps/Lab/Footsteps_lab-001.uexp" 229
"C:/Users/melpi/source/repos/PenningTrap/Content/Audio/SoundCues/Footsteps_lab.uasset" 230
"C:/Users/melpi/source/repos/PenningTrap/Content/Audio/SoundCues/Footsteps_lab.uexp" 231
"../../../Engine/Content/EditorBlueprintResources/StandardMacros.uasset" 232
"../../../Engine/Content/EditorBlueprintResources/StandardMacros.uexp" 233
"C:/Users/melpi/source/repos/PenningTrap/Content/Assets/Textures/Temporary/PENNING_GUN_BULLET.uasset" 234
"C:/Users/melpi/source/repos/PenningTrap/Content/Assets/Textures/Temporary/PENNING_GUN_BULLET.uexp" 235
"C:/Users/melpi/source/repos/PenningTrap/Content/Assets/Sprites/Temp/PENNING_GUN_BULLET_Sprite.uasset" 236
"C:/Users/melpi/source/repos/PenningTrap/Content/Assets/Sprites/Temp/PENNING_GUN_BULLET_Sprite.uexp" 237
"C:/Users/melpi/source/repos/PenningTrap/Content/Audio/SFX/Enemy/Enemy_death-003.uasset" 238
"C:/Users/melpi/source/repos/PenningTrap/Content/Audio/SFX/Enemy/Enemy_death-003.uexp" 239
"C:/Users/melpi/source/repos/PenningTrap/Content/Audio/SFX/Enemy/Enemy_death-002.uasset" 240
"C:/Users/melpi/source/repos/PenningTrap/Content/Audio/SFX/Enemy/Enemy_death-002.uexp" 241
"C:/Users/melpi/source/repos/PenningTrap/Content/Audio/SFX/Enemy/Enemy_death-001.uasset" 242
"C:/Users/melpi/source/repos/PenningTrap/Content/Audio/SFX/Enemy/Enemy_death-001.uexp" 243
"C:/Users/melpi/source/repos/PenningTrap/Content/Audio/SoundCues/Enemy_death.uasset" 244
"C:/Users/melpi/source/repos/PenningTrap/Content/Audio/SoundCues/Enemy_death.uexp" 245
"C:/Users/melpi/source/repos/PenningTrap/Content/Audio/SFX/Pickup_enemy.uasset" 246
"C:/Users/melpi/source/repos/PenningTrap/Content/Audio/SFX/Pickup_enemy.uexp" 247
"C:/Users/melpi/source/repos/PenningTrap/Content/Assets/Textures/ENEMY_trapped.uasset" 248
"C:/Users/melpi/source/repos/PenningTrap/Content/Assets/Textures/ENEMY_trapped.uexp" 249
"C:/Users/melpi/source/repos/PenningTrap/Content/Assets/Sprites/ENEMY_trapped_Sprite.uasset" 250
"C:/Users/melpi/source/repos/PenningTrap/Content/Assets/Sprites/ENEMY_trapped_Sprite.uexp" 251
"C:/Users/melpi/source/repos/PenningTrap/Content/Blueprints/BP_AntimatterPickUp.uasset" 252
"C:/Users/melpi/source/repos/PenningTrap/Content/Blueprints/BP_AntimatterPickUp.uexp" 253
"C:/Users/melpi/source/repos/PenningTrap/Content/Assets/Textures/EnemyNormal_normal.uasset" 254
"C:/Users/melpi/source/repos/PenningTrap/Content/Assets/Textures/EnemyNormal_normal.uexp" 255
"C:/Users/melpi/source/repos/PenningTrap/Content/Assets/Textures/Enemy.uasset" 256
"C:/Users/melpi/source/repos/PenningTrap/Content/Assets/Textures/Enemy.uexp" 257
"C:/Users/melpi/source/repos/PenningTrap/Content/Assets/Sprites/Enemy_Sprite.uasset" 258
"C:/Users/melpi/source/repos/PenningTrap/Content/Assets/Sprites/Enemy_Sprite.uexp" 259
"C:/Users/melpi/source/repos/PenningTrap/Content/Blueprints/BP_EnemyBase.uasset" 260
"C:/Users/melpi/source/repos/PenningTrap/Content/Blueprints/BP_EnemyBase.uexp" 261
"C:/Users/melpi/source/repos/PenningTrap/Content/Blueprints/BP_Bullet.uasset" 262
"C:/Users/melpi/source/repos/PenningTrap/Content/Blueprints/BP_Bullet.uexp" 263
"C:/Users/melpi/source/repos/PenningTrap/Content/Audio/SFX/Trap/Dry/Trap_shot_dry-006.uasset" 264
"C:/Users/melpi/source/repos/PenningTrap/Content/Audio/SFX/Trap/Dry/Trap_shot_dry-006.uexp" 265
"C:/Users/melpi/source/repos/PenningTrap/Content/Audio/SFX/Trap/Dry/Trap_shot_dry-005.uasset" 266
"C:/Users/melpi/source/repos/PenningTrap/Content/Audio/SFX/Trap/Dry/Trap_shot_dry-005.uexp" 267
"C:/Users/melpi/source/repos/PenningTrap/Content/Audio/SFX/Trap/Dry/Trap_shot_dry-004.uasset" 268
"C:/Users/melpi/source/repos/PenningTrap/Content/Audio/SFX/Trap/Dry/Trap_shot_dry-004.uexp" 269
"C:/Users/melpi/source/repos/PenningTrap/Content/Audio/SFX/Trap/Dry/Trap_shot_dry-003.uasset" 270
"C:/Users/melpi/source/repos/PenningTrap/Content/Audio/SFX/Trap/Dry/Trap_shot_dry-003.uexp" 271
"C:/Users/melpi/source/repos/PenningTrap/Content/Audio/SFX/Trap/Dry/Trap_shot_dry-002.uasset" 272
"C:/Users/melpi/source/repos/PenningTrap/Content/Audio/SFX/Trap/Dry/Trap_shot_dry-002.uexp" 273
"C:/Users/melpi/source/repos/PenningTrap/Content/Audio/SFX/Trap/Dry/Trap_shot_dry-001.uasset" 274
"C:/Users/melpi/source/repos/PenningTrap/Content/Audio/SFX/Trap/Dry/Trap_shot_dry-001.uexp" 275
"C:/Users/melpi/source/repos/PenningTrap/Content/Audio/SoundCues/Trap_shot_void.uasset" 276
"C:/Users/melpi/source/repos/PenningTrap/Content/Audio/SoundCues/Trap_shot_void.uexp" 277
"C:/Users/melpi/source/repos/PenningTrap/Content/Audio/SFX/Trap/Reverbed/Trap_shot_reverbed-006.uasset" 278
"C:/Users/melpi/source/repos/PenningTrap/Content/Audio/SFX/Trap/Reverbed/Trap_shot_reverbed-006.uexp" 279
"C:/Users/melpi/source/repos/PenningTrap/Content/Audio/SFX/Trap/Reverbed/Trap_shot_reverbed-005.uasset" 280
"C:/Users/melpi/source/repos/PenningTrap/Content/Audio/SFX/Trap/Reverbed/Trap_shot_reverbed-005.uexp" 281
"C:/Users/melpi/source/repos/PenningTrap/Content/Audio/SFX/Trap/Reverbed/Trap_shot_reverbed-004.uasset" 282
"C:/Users/melpi/source/repos/PenningTrap/Content/Audio/SFX/Trap/Reverbed/Trap_shot_reverbed-004.uexp" 283
"C:/Users/melpi/source/repos/PenningTrap/Content/Audio/SFX/Trap/Reverbed/Trap_shot_reverbed-003.uasset" 284
"C:/Users/melpi/source/repos/PenningTrap/Content/Audio/SFX/Trap/Reverbed/Trap_shot_reverbed-003.uexp" 285
"C:/Users/melpi/source/repos/PenningTrap/Content/Audio/SFX/Trap/Reverbed/Trap_shot_reverbed-002.uasset" 286
"C:/Users/melpi/source/repos/PenningTrap/Content/Audio/SFX/Trap/Reverbed/Trap_shot_reverbed-002.uexp" 287
"C:/Users/melpi/source/repos/PenningTrap/Content/Audio/SFX/Trap/Reverbed/Trap_shot_reverbed-001.uasset" 288
"C:/Users/melpi/source/repos/PenningTrap/Content/Audio/SFX/Trap/Reverbed/Trap_shot_reverbed-001.uexp" 289
"C:/Users/melpi/source/repos/PenningTrap/Content/Audio/SoundCues/Trap_shot_lab.uasset" 290
"C:/Users/melpi/source/repos/PenningTrap/Content/Audio/SoundCues/Trap_shot_lab.uexp" 291
"C:/Users/melpi/source/repos/PenningTrap/Content/Audio/SFX/Shift/Dry/Shift_dry-005.uasset" 292
"C:/Users/melpi/source/repos/PenningTrap/Content/Audio/SFX/Shift/Dry/Shift_dry-005.uexp" 293
"C:/Users/melpi/source/repos/PenningTrap/Content/Audio/SFX/Shift/Dry/Shift_dry-004.uasset" 294
"C:/Users/melpi/source/repos/PenningTrap/Content/Audio/SFX/Shift/Dry/Shift_dry-004.uexp" 295
"C:/Users/melpi/source/repos/PenningTrap/Content/Audio/SFX/Shift/Dry/Shift_dry-003.uasset" 296
"C:/Users/melpi/source/repos/PenningTrap/Content/Audio/SFX/Shift/Dry/Shift_dry-003.uexp" 297
"C:/Users/melpi/source/repos/PenningTrap/Content/Audio/SFX/Shift/Dry/Shift_dry-002.uasset" 298
"C:/Users/melpi/source/repos/PenningTrap/Content/Audio/SFX/Shift/Dry/Shift_dry-002.uexp" 299
"C:/Users/melpi/source/repos/PenningTrap/Content/Audio/SFX/Shift/Dry/Shift_dry-001.uasset" 300
"C:/Users/melpi/source/repos/PenningTrap/Content/Audio/SFX/Shift/Dry/Shift_dry-001.uexp" 301
"C:/Users/melpi/source/repos/PenningTrap/Content/Audio/SoundCues/Shift_to_void.uasset" 302
"C:/Users/melpi/source/repos/PenningTrap/Content/Audio/SoundCues/Shift_to_void.uexp" 303
"C:/Users/melpi/source/repos/PenningTrap/Content/Audio/SFX/Player_death.uasset" 304
"C:/Users/melpi/source/repos/PenningTrap/Content/Audio/SFX/Player_death.uexp" 305
"C:/Users/melpi/source/repos/PenningTrap/Content/Audio/Music/VOID_MUSIC_1.uasset" 306
"C:/Users/melpi/source/repos/PenningTrap/Content/Audio/Music/VOID_MUSIC_1.uexp" 307
"C:/Users/melpi/source/repos/PenningTrap/Content/Audio/Music/LAB_MUSIC_1.uasset" 308
"C:/Users/melpi/source/repos/PenningTrap/Content/Audio/Music/LAB_MUSIC_1.uexp" 309
"C:/Users/melpi/source/repos/PenningTrap/Content/Assets/Textures/Character_shot1.uasset" 310
"C:/Users/melpi/source/repos/PenningTrap/Content/Assets/Textures/Character_shot1.uexp" 311
"C:/Users/melpi/source/repos/PenningTrap/Content/Assets/Sprites/Character_shot1_Sprite.uasset" 312
"C:/Users/melpi/source/repos/PenningTrap/Content/Assets/Sprites/Character_shot1_Sprite.uexp" 313
"C:/Users/melpi/source/repos/PenningTrap/Content/Assets/Flipbooks/FB_Shot.uasset" 314
"C:/Users/melpi/source/repos/PenningTrap/Content/Assets/Flipbooks/FB_Shot.uexp" 315
"C:/Users/melpi/source/repos/PenningTrap/Content/Assets/Textures/Character_run-Sheet.uasset" 316
"C:/Users/melpi/source/repos/PenningTrap/Content/Assets/Textures/Character_run-Sheet.uexp" 317
"C:/Users/melpi/source/repos/PenningTrap/Content/Assets/Textures/Character_run-Sheet.ubulk" 318
"C:/Users/melpi/source/repos/PenningTrap/Content/Assets/Sprites/Character_run-Sheet_Sprite_7.uasset" 319
"C:/Users/melpi/source/repos/PenningTrap/Content/Assets/Sprites/Character_run-Sheet_Sprite_7.uexp" 320
"C:/Users/melpi/source/repos/PenningTrap/Content/Assets/Sprites/Character_run-Sheet_Sprite_6.uasset" 321
"C:/Users/melpi/source/repos/PenningTrap/Content/Assets/Sprites/Character_run-Sheet_Sprite_6.uexp" 322
"C:/Users/melpi/source/repos/PenningTrap/Content/Assets/Sprites/Character_run-Sheet_Sprite_5.uasset" 323
"C:/Users/melpi/source/repos/PenningTrap/Content/Assets/Sprites/Character_run-Sheet_Sprite_5.uexp" 324
"C:/Users/melpi/source/repos/PenningTrap/Content/Assets/Sprites/Character_run-Sheet_Sprite_4.uasset" 325
"C:/Users/melpi/source/repos/PenningTrap/Content/Assets/Sprites/Character_run-Sheet_Sprite_4.uexp" 326
"C:/Users/melpi/source/repos/PenningTrap/Content/Assets/Sprites/Character_run-Sheet_Sprite_3.uasset" 327
"C:/Users/melpi/source/repos/PenningTrap/Content/Assets/Sprites/Character_run-Sheet_Sprite_3.uexp" 328
"C:/Users/melpi/source/repos/PenningTrap/Content/Assets/Sprites/Character_run-Sheet_Sprite_2.uasset" 329
"C:/Users/melpi/source/repos/PenningTrap/Content/Assets/Sprites/Character_run-Sheet_Sprite_2.uexp" 330
"C:/Users/melpi/source/repos/PenningTrap/Content/Assets/Sprites/Character_run-Sheet_Sprite_1.uasset" 331
"C:/Users/melpi/source/repos/PenningTrap/Content/Assets/Sprites/Character_run-Sheet_Sprite_1.uexp" 332
"C:/Users/melpi/source/repos/PenningTrap/Content/Assets/Sprites/Character_run-Sheet_Sprite_0.uasset" 333
"C:/Users/melpi/source/repos/PenningTrap/Content/Assets/Sprites/Character_run-Sheet_Sprite_0.uexp" 334
"C:/Users/melpi/source/repos/PenningTrap/Content/Assets/Flipbooks/FB_Run.uasset" 335
"C:/Users/melpi/source/repos/PenningTrap/Content/Assets/Flipbooks/FB_Run.uexp" 336
"C:/Users/melpi/source/repos/PenningTrap/Content/Assets/Flipbooks/FB_LyingDead.uasset" 337
"C:/Users/melpi/source/repos/PenningTrap/Content/Assets/Flipbooks/FB_LyingDead.uexp" 338
"C:/Users/melpi/source/repos/PenningTrap/Content/Blueprints/BP_PlayerBase.uasset" 339
"C:/Users/melpi/source/repos/PenningTrap/Content/Blueprints/BP_PlayerBase.uexp" 340
"C:/Users/melpi/source/repos/PenningTrap/Content/Blueprints/BP_GameModeBase.uasset" 341
"C:/Users/melpi/source/repos/PenningTrap/Content/Blueprints/BP_GameModeBase.uexp" 342
"C:/Users/melpi/source/repos/PenningTrap/Content/Levels/Level1_BuiltData.uasset" 343
"C:/Users/melpi/source/repos/PenningTrap/Content/Levels/Level1_BuiltData.uexp" 344
"C:/Users/melpi/source/repos/PenningTrap/Content/Levels/Level1_BuiltData.ubulk" 345
"C:/Users/melpi/source/repos/PenningTrap/Content/Assets/Textures/GUN_AMO.uasset" 346
"C:/Users/melpi/source/repos/PenningTrap/Content/Assets/Textures/GUN_AMO.uexp" 347
"C:/Users/melpi/source/repos/PenningTrap/Content/Assets/Sprites/GUN_AMO_Sprite.uasset" 348
"C:/Users/melpi/source/repos/PenningTrap/Content/Assets/Sprites/GUN_AMO_Sprite.uexp" 349
"C:/Users/melpi/source/repos/PenningTrap/Content/Assets/Textures/ENEMY_Death.uasset" 350
"C:/Users/melpi/source/repos/PenningTrap/Content/Assets/Textures/ENEMY_Death.uexp" 351
"C:/Users/melpi/source/repos/PenningTrap/Content/Assets/Sprites/ENEMY_Death_Sprite.uasset" 352
"C:/Users/melpi/source/repos/PenningTrap/Content/Assets/Sprites/ENEMY_Death_Sprite.uexp" 353
"C:/Users/melpi/source/repos/PenningTrap/Content/Blueprints/HUD.uasset" 354
"C:/Users/melpi/source/repos/PenningTrap/Content/Blueprints/HUD.uexp" 355
"C:/Users/melpi/source/repos/PenningTrap/Content/Assets/TileAssets/Anty_Tile_2.uasset" 356
"C:/Users/melpi/source/repos/PenningTrap/Content/Assets/TileAssets/Anty_Tile_2.uexp" 357
"C:/Users/melpi/source/repos/PenningTrap/Content/Assets/TileAssets/Anty_Tile_2_TileSet.uasset" 358
"C:/Users/melpi/source/repos/PenningTrap/Content/Assets/TileAssets/Anty_Tile_2_TileSet.uexp" 359
"C:/Users/melpi/source/repos/PenningTrap/Content/Assets/TileAssets/Anty_Tile_1.uasset" 360
"C:/Users/melpi/source/repos/PenningTrap/Content/Assets/TileAssets/Anty_Tile_1.uexp" 361
"C:/Users/melpi/source/repos/PenningTrap/Content/Assets/TileAssets/Anty_Tile_1_TileSet.uasset" 362
"C:/Users/melpi/source/repos/PenningTrap/Content/Assets/TileAssets/Anty_Tile_1_TileSet.uexp" 363
"C:/Users/melpi/source/repos/PenningTrap/Content/Assets/TileAssets/Tilemaps/Level1AntiRealityTemplate.uasset" 364
"C:/Users/melpi/source/repos/PenningTrap/Content/Assets/TileAssets/Tilemaps/Level1AntiRealityTemplate.uexp" 365
"C:/Users/melpi/source/repos/PenningTrap/Content/Assets/TileAssets/LAB_Tile_3.uasset" 366
"C:/Users/melpi/source/repos/PenningTrap/Content/Assets/TileAssets/LAB_Tile_3.uexp" 367
"C:/Users/melpi/source/repos/PenningTrap/Content/Assets/TileAssets/LAB_Tile_3_TileSet.uasset" 368
"C:/Users/melpi/source/repos/PenningTrap/Content/Assets/TileAssets/LAB_Tile_3_TileSet.uexp" 369
"C:/Users/melpi/source/repos/PenningTrap/Content/Assets/TileAssets/LAB_Tile_2.uasset" 370
"C:/Users/melpi/source/repos/PenningTrap/Content/Assets/TileAssets/LAB_Tile_2.uexp" 371
"C:/Users/melpi/source/repos/PenningTrap/Content/Assets/TileAssets/LAB_Tile_2_TileSet.uasset" 372
"C:/Users/melpi/source/repos/PenningTrap/Content/Assets/TileAssets/LAB_Tile_2_TileSet.uexp" 373
"C:/Users/melpi/source/repos/PenningTrap/Content/Assets/TileAssets/LAB_Tile_1.uasset" 374
"C:/Users/melpi/source/repos/PenningTrap/Content/Assets/TileAssets/LAB_Tile_1.uexp" 375
"C:/Users/melpi/source/repos/PenningTrap/Content/Assets/TileAssets/LAB_Tile_1_TileSet.uasset" 376
"C:/Users/melpi/source/repos/PenningTrap/Content/Assets/TileAssets/LAB_Tile_1_TileSet.uexp" 377
"C:/Users/melpi/source/repos/PenningTrap/Content/Assets/TileAssets/Tilemaps/Level1Reality.uasset" 378
"C:/Users/melpi/source/repos/PenningTrap/Content/Assets/TileAssets/Tilemaps/Level1Reality.uexp" 379
"C:/Users/melpi/source/repos/PenningTrap/Content/Audio/SFX/Player_loc/Jump/Lab/Jump_land_reverb-005.uasset" 380
"C:/Users/melpi/source/repos/PenningTrap/Content/Audio/SFX/Player_loc/Jump/Lab/Jump_land_reverb-005.uexp" 381
"C:/Users/melpi/source/repos/PenningTrap/Content/Audio/SFX/Player_loc/Jump/Lab/Jump_land_reverb-004.uasset" 382
"C:/Users/melpi/source/repos/PenningTrap/Content/Audio/SFX/Player_loc/Jump/Lab/Jump_land_reverb-004.uexp" 383
"C:/Users/melpi/source/repos/PenningTrap/Content/Audio/SFX/Player_loc/Jump/Lab/Jump_land_reverb-003.uasset" 384
"C:/Users/melpi/source/repos/PenningTrap/Content/Audio/SFX/Player_loc/Jump/Lab/Jump_land_reverb-003.uexp" 385
"C:/Users/melpi/source/repos/PenningTrap/Content/Audio/SFX/Player_loc/Jump/Lab/Jump_land_reverb-002.uasset" 386
"C:/Users/melpi/source/repos/PenningTrap/Content/Audio/SFX/Player_loc/Jump/Lab/Jump_land_reverb-002.uexp" 387
"C:/Users/melpi/source/repos/PenningTrap/Content/Audio/SFX/Player_loc/Jump/Lab/Jump_land_reverb-001.uasset" 388
"C:/Users/melpi/source/repos/PenningTrap/Content/Audio/SFX/Player_loc/Jump/Lab/Jump_land_reverb-001.uexp" 389
"C:/Users/melpi/source/repos/PenningTrap/Content/Audio/SoundCues/Jump_land_lab.uasset" 390
"C:/Users/melpi/source/repos/PenningTrap/Content/Audio/SoundCues/Jump_land_lab.uexp" 391
"C:/Users/melpi/source/repos/PenningTrap/Content/Audio/SFX/Player_loc/Jump/Void/Jump_land_dry-005.uasset" 392
"C:/Users/melpi/source/repos/PenningTrap/Content/Audio/SFX/Player_loc/Jump/Void/Jump_land_dry-005.uexp" 393
"C:/Users/melpi/source/repos/PenningTrap/Content/Audio/SFX/Player_loc/Jump/Void/Jump_land_dry-004.uasset" 394
"C:/Users/melpi/source/repos/PenningTrap/Content/Audio/SFX/Player_loc/Jump/Void/Jump_land_dry-004.uexp" 395
"C:/Users/melpi/source/repos/PenningTrap/Content/Audio/SFX/Player_loc/Jump/Void/Jump_land_dry-003.uasset" 396
"C:/Users/melpi/source/repos/PenningTrap/Content/Audio/SFX/Player_loc/Jump/Void/Jump_land_dry-003.uexp" 397
"C:/Users/melpi/source/repos/PenningTrap/Content/Audio/SFX/Player_loc/Jump/Void/Jump_land_dry-002.uasset" 398
"C:/Users/melpi/source/repos/PenningTrap/Content/Audio/SFX/Player_loc/Jump/Void/Jump_land_dry-002.uexp" 399
"C:/Users/melpi/source/repos/PenningTrap/Content/Audio/SFX/Player_loc/Jump/Void/Jump_land_dry-001.uasset" 400
"C:/Users/melpi/source/repos/PenningTrap/Content/Audio/SFX/Player_loc/Jump/Void/Jump_land_dry-001.uexp" 401
"C:/Users/melpi/source/repos/PenningTrap/Content/Audio/SoundCues/Jump_land_void.uasset" 402
"C:/Users/melpi/source/repos/PenningTrap/Content/Audio/SoundCues/Jump_land_void.uexp" 403
"C:/Users/melpi/source/repos/PenningTrap/Content/Audio/SFX/Player_loc/Jump/Void/Jump_start_dry-004.uasset" 404
"C:/Users/melpi/source/repos/PenningTrap/Content/Audio/SFX/Player_loc/Jump/Void/Jump_start_dry-004.uexp" 405
"C:/Users/melpi/source/repos/PenningTrap/Content/Audio/SFX/Player_loc/Jump/Void/Jump_start_dry-003.uasset" 406
"C:/Users/melpi/source/repos/PenningTrap/Content/Audio/SFX/Player_loc/Jump/Void/Jump_start_dry-003.uexp" 407
"C:/Users/melpi/source/repos/PenningTrap/Content/Audio/SFX/Player_loc/Jump/Void/Jump_start_dry-002.uasset" 408
"C:/Users/melpi/source/repos/PenningTrap/Content/Audio/SFX/Player_loc/Jump/Void/Jump_start_dry-002.uexp" 409
"C:/Users/melpi/source/repos/PenningTrap/Content/Audio/SFX/Player_loc/Jump/Void/Jump_start_dry-001.uasset" 410
"C:/Users/melpi/source/repos/PenningTrap/Content/Audio/SFX/Player_loc/Jump/Void/Jump_start_dry-001.uexp" 411
"C:/Users/melpi/source/repos/PenningTrap/Content/Audio/SoundCues/Jump_start_void.uasset" 412
"C:/Users/melpi/source/repos/PenningTrap/Content/Audio/SoundCues/Jump_start_void.uexp" 413
"C:/Users/melpi/source/repos/PenningTrap/Content/Assets/TileAssets/Anty_Tile_3.uasset" 414
"C:/Users/melpi/source/repos/PenningTrap/Content/Assets/TileAssets/Anty_Tile_3.uexp" 415
"C:/Users/melpi/source/repos/PenningTrap/Content/Assets/Sprites/Anty_Tile_3_Sprite.uasset" 416
"C:/Users/melpi/source/repos/PenningTrap/Content/Assets/Sprites/Anty_Tile_3_Sprite.uexp" 417
"C:/Users/melpi/source/repos/PenningTrap/Content/Blueprints/BP_PlatformBase.uasset" 418
"C:/Users/melpi/source/repos/PenningTrap/Content/Blueprints/BP_PlatformBase.uexp" 419
"C:/Users/melpi/source/repos/PenningTrap/Content/Assets/Sprites/LAB_Tile_3_Sprite.uasset" 420
"C:/Users/melpi/source/repos/PenningTrap/Content/Assets/Sprites/LAB_Tile_3_Sprite.uexp" 421
"C:/Users/melpi/source/repos/PenningTrap/Content/Blueprints/BP_PlatformBase_Realit.uasset" 422
"C:/Users/melpi/source/repos/PenningTrap/Content/Blueprints/BP_PlatformBase_Realit.uexp" 423
"../../../Engine/Content/EngineMaterials/T_Default_Material_Grid_N.uasset" 424
"../../../Engine/Content/EngineMaterials/T_Default_Material_Grid_N.uexp" 425
"../../../Engine/Content/EngineMaterials/T_Default_Material_Grid_N.ubulk" 426
"../../../Engine/Content/EngineMaterials/T_Default_Material_Grid_M.uasset" 427
"../../../Engine/Content/EngineMaterials/T_Default_Material_Grid_M.uexp" 428
"../../../Engine/Content/EngineMaterials/T_Default_Material_Grid_M.ubulk" 429
"../../../Engine/Content/Functions/Engine_MaterialFunctions01/Opacity/CameraDepthFade.uasset" 430
"../../../Engine/Content/Functions/Engine_MaterialFunctions01/Opacity/CameraDepthFade.uexp" 431
"../../../Engine/Content/EngineMaterials/WorldGridMaterial.uasset" 432
"../../../Engine/Content/EngineMaterials/WorldGridMaterial.uexp" 433
"../../../Engine/Content/ArtTools/RenderToTexture/Meshes/S_1_Unit_Plane.uasset" 434
"../../../Engine/Content/ArtTools/RenderToTexture/Meshes/S_1_Unit_Plane.uexp" 435
"../../../Engine/Content/EngineMaterials/DefaultMaterial.uasset" 436
"../../../Engine/Content/EngineMaterials/DefaultMaterial.uexp" 437
"../../../Engine/Content/BasicShapes/Cone.uasset" 438
"../../../Engine/Content/BasicShapes/Cone.uexp" 439
"../../../Engine/Content/BasicShapes/Cube.uasset" 440
"../../../Engine/Content/BasicShapes/Cube.uexp" 441
"../../../Engine/Content/BasicShapes/Plane.uasset" 442
"../../../Engine/Content/BasicShapes/Plane.uexp" 443
"../../../Engine/Content/BasicShapes/Sphere.uasset" 444
"../../../Engine/Content/BasicShapes/Sphere.uexp" 445
"../../../Engine/Content/EditorLandscapeResources/DataLayer.uasset" 446
"../../../Engine/Content/EditorLandscapeResources/DataLayer.uexp" 447
"../../../Engine/Content/EditorLandscapeResources/DefaultAlphaTexture.uasset" 448
"../../../Engine/Content/EditorLandscapeResources/DefaultAlphaTexture.uexp" 449
"../../../Engine/Content/EditorMaterials/MAT_Groups_Toggle.uasset" 450
"../../../Engine/Content/EditorMaterials/MAT_Groups_Toggle.uexp" 451
"../../../Engine/Content/EditorMaterials/MAT_Groups_Visibility.uasset" 452
"../../../Engine/Content/EditorMaterials/MAT_Groups_Visibility.uexp" 453
"../../../Engine/Content/EditorMaterials/PreviewShadowIndicator.uasset" 454
"../../../Engine/Content/EditorMaterials/PreviewShadowIndicator.uexp" 455
"../../../Engine/Content/EditorMaterials/PreviewShadowIndicator.ubulk" 456
"../../../Engine/Content/EditorMaterials/PreviewShadowIndicatorMaterial.uasset" 457
"../../../Engine/Content/EditorMaterials/PreviewShadowIndicatorMaterial.uexp" 458
"../../../Engine/Content/EditorMaterials/MatineeGroups/MAT_ColorTrack.uasset" 459
"../../../Engine/Content/EditorMaterials/MatineeGroups/MAT_ColorTrack.uexp" 460
"../../../Engine/Content/EditorMaterials/MatineeGroups/MAT_Groups_Anim.uasset" 461
"../../../Engine/Content/EditorMaterials/MatineeGroups/MAT_Groups_Anim.uexp" 462
"../../../Engine/Content/EditorMaterials/MatineeGroups/MAT_Groups_AudioMaster.uasset" 463
"../../../Engine/Content/EditorMaterials/MatineeGroups/MAT_Groups_AudioMaster.uexp" 464
"../../../Engine/Content/EditorMaterials/MatineeGroups/MAT_Groups_Director.uasset" 465
"../../../Engine/Content/EditorMaterials/MatineeGroups/MAT_Groups_Director.uexp" 466
"../../../Engine/Content/EditorMaterials/MatineeGroups/MAT_Groups_Event.uasset" 467
"../../../Engine/Content/EditorMaterials/MatineeGroups/MAT_Groups_Event.uexp" 468
"../../../Engine/Content/EditorMaterials/MatineeGroups/MAT_Groups_Fade.uasset" 469
"../../../Engine/Content/EditorMaterials/MatineeGroups/MAT_Groups_Fade.uexp" 470
"../../../Engine/Content/EditorMaterials/MatineeGroups/MAT_Groups_Float.uasset" 471
"../../../Engine/Content/EditorMaterials/MatineeGroups/MAT_Groups_Float.uexp" 472
"../../../Engine/Content/EditorMaterials/MatineeGroups/MAT_Groups_Move.uasset" 473
"../../../Engine/Content/EditorMaterials/MatineeGroups/MAT_Groups_Move.uexp" 474
"../../../Engine/Content/EditorMaterials/MatineeGroups/MAT_Groups_Slomo.uasset" 475
"../../../Engine/Content/EditorMaterials/MatineeGroups/MAT_Groups_Slomo.uexp" 476
"../../../Engine/Content/EditorMaterials/MatineeGroups/MAT_Groups_Sound.uasset" 477
"../../../Engine/Content/EditorMaterials/MatineeGroups/MAT_Groups_Sound.uexp" 478
"../../../Engine/Content/EditorMaterials/MatineeGroups/MAT_Groups_Vector.uasset" 479
"../../../Engine/Content/EditorMaterials/MatineeGroups/MAT_Groups_Vector.uexp" 480
"../../../Engine/Content/EditorMaterials/ParticleSystems/PSysThumbnail_NoImage.uasset" 481
"../../../Engine/Content/EditorMaterials/ParticleSystems/PSysThumbnail_NoImage.uexp" 482
"../../../Engine/Content/EditorMaterials/ParticleSystems/PSysThumbnail_NoImage.ubulk" 483
"../../../Engine/Content/EditorMaterials/ParticleSystems/PSysThumbnail_OOD.uasset" 484
"../../../Engine/Content/EditorMaterials/ParticleSystems/PSysThumbnail_OOD.uexp" 485
"../../../Engine/Content/EditorMaterials/ParticleSystems/PSysThumbnail_OOD.ubulk" 486
"../../../Engine/Content/EditorMaterials/Camera/CineMat.uasset" 487
"../../../Engine/Content/EditorMaterials/Camera/CineMat.uexp" 488
"../../../Engine/Content/EditorMaterials/Camera/MI_CineMat_Rig.uasset" 489
"../../../Engine/Content/EditorMaterials/Camera/MI_CineMat_Rig.uexp" 490
"../../../Engine/Content/EditorMeshes/Camera/SM_CraneRig_Arm.uasset" 491
"../../../Engine/Content/EditorMeshes/Camera/SM_CraneRig_Arm.uexp" 492
"../../../Engine/Content/EditorMeshes/Camera/SM_CraneRig_Base.uasset" 493
"../../../Engine/Content/EditorMeshes/Camera/SM_CraneRig_Base.uexp" 494
"../../../Engine/Content/EditorMeshes/Camera/SM_CraneRig_Body.uasset" 495
"../../../Engine/Content/EditorMeshes/Camera/SM_CraneRig_Body.uexp" 496
"../../../Engine/Content/EditorMeshes/Camera/SM_CraneRig_Mount.uasset" 497
"../../../Engine/Content/EditorMeshes/Camera/SM_CraneRig_Mount.uexp" 498
"../../../Engine/Content/EditorMeshes/Camera/SM_RailRig_Mount.uasset" 499
"../../../Engine/Content/EditorMeshes/Camera/SM_RailRig_Mount.uexp" 500
"../../../Engine/Content/EditorMeshes/Camera/SM_RailRig_Track.uasset" 501
"../../../Engine/Content/EditorMeshes/Camera/SM_RailRig_Track.uexp" 502
"../../../Engine/Content/EditorResources/BSPVertex.uasset" 503
"../../../Engine/Content/EditorResources/BSPVertex.uexp" 504
"../../../Engine/Content/EditorResources/EmptyActor.uasset" 505
"../../../Engine/Content/EditorResources/EmptyActor.uexp" 506
"../../../Engine/Content/EditorResources/S_Actor.uasset" 507
"../../../Engine/Content/EditorResources/S_Actor.uexp" 508
"../../../Engine/Content/EditorResources/S_Actor.ubulk" 509
"../../../Engine/Content/EditorResources/S_Note.uasset" 510
"../../../Engine/Content/EditorResources/S_Note.uexp" 511
"../../../Engine/Content/EditorResources/S_Note.ubulk" 512
"../../../Engine/Content/EditorResources/S_Solver.uasset" 513
"../../../Engine/Content/EditorResources/S_Solver.uexp" 514
"../../../Engine/Content/EditorResources/S_Solver.ubulk" 515
"../../../Engine/Content/EditorResources/S_Terrain.uasset" 516
"../../../Engine/Content/EditorResources/S_Terrain.uexp" 517
"../../../Engine/Content/EditorResources/S_Terrain.ubulk" 518
"../../../Engine/Content/EditorResources/S_Trigger.uasset" 519
"../../../Engine/Content/EditorResources/S_Trigger.uexp" 520
"../../../Engine/Content/EditorResources/S_Trigger.ubulk" 521
"../../../Engine/Content/EditorResources/LightIcons/S_LightError.uasset" 522
"../../../Engine/Content/EditorResources/LightIcons/S_LightError.uexp" 523
"../../../Engine/Content/EditorResources/SequenceRecorder/Countdown.uasset" 524
"../../../Engine/Content/EditorResources/SequenceRecorder/Countdown.uexp" 525
"../../../Engine/Content/EditorResources/SequenceRecorder/RecordingIndicator.uasset" 526
"../../../Engine/Content/EditorResources/SequenceRecorder/RecordingIndicator.uexp" 527
"../../../Engine/Content/EngineDamageTypes/DmgTypeBP_Environmental.uasset" 528
"../../../Engine/Content/EngineDamageTypes/DmgTypeBP_Environmental.uexp" 529
"../../../Engine/Content/EngineDebugMaterials/DebugEditorMaterial.uasset" 530
"../../../Engine/Content/EngineDebugMaterials/DebugEditorMaterial.uexp" 531
"../../../Engine/Content/EngineDebugMaterials/DebugMeshMaterial.uasset" 532
"../../../Engine/Content/EngineDebugMaterials/DebugMeshMaterial.uexp" 533
"../../../Engine/Content/EngineDebugMaterials/M_SimpleUnlitTranslucent.uasset" 534
"../../../Engine/Content/EngineDebugMaterials/M_SimpleUnlitTranslucent.uexp" 535
"../../../Engine/Content/EngineDebugMaterials/VolumeToRender.uasset" 536
"../../../Engine/Content/EngineDebugMaterials/VolumeToRender.uexp" 537
"../../../Engine/Content/Functions/Engine_MaterialFunctions02/Utility/CameraDirectionVector.uasset" 538
"../../../Engine/Content/Functions/Engine_MaterialFunctions02/Utility/CameraDirectionVector.uexp" 539
"../../../Engine/Content/EngineDebugMaterials/M_VolumeRenderSphereTracePP.uasset" 540
"../../../Engine/Content/EngineDebugMaterials/M_VolumeRenderSphereTracePP.uexp" 541
"../../../Engine/Content/Functions/Engine_MaterialFunctions01/Shading/ConvertFromDiffSpec.uasset" 542
"../../../Engine/Content/Functions/Engine_MaterialFunctions01/Shading/ConvertFromDiffSpec.uexp" 543
"../../../Engine/Content/EngineDebugMaterials/VertexColorMaterial.uasset" 544
"../../../Engine/Content/EngineDebugMaterials/VertexColorMaterial.uexp" 545
"../../../Engine/Content/EngineDebugMaterials/WireframeMaterial.uasset" 546
"../../../Engine/Content/EngineDebugMaterials/WireframeMaterial.uexp" 547
"../../../Engine/Content/EngineFonts/Faces/RobotoRegular.uasset" 548
"../../../Engine/Content/EngineFonts/Faces/RobotoRegular.uexp" 549
"../../../Engine/Content/EngineFonts/Faces/RobotoRegular.ufont" 550
"../../../Engine/Content/EngineFonts/Faces/RobotoLight.uasset" 551
"../../../Engine/Content/EngineFonts/Faces/RobotoLight.uexp" 552
"../../../Engine/Content/EngineFonts/Faces/RobotoLight.ufont" 553
"../../../Engine/Content/EngineFonts/Faces/RobotoItalic.uasset" 554
"../../../Engine/Content/EngineFonts/Faces/RobotoItalic.uexp" 555
"../../../Engine/Content/EngineFonts/Faces/RobotoItalic.ufont" 556
"../../../Engine/Content/EngineFonts/Faces/RobotoBoldItalic.uasset" 557
"../../../Engine/Content/EngineFonts/Faces/RobotoBoldItalic.uexp" 558
"../../../Engine/Content/EngineFonts/Faces/RobotoBoldItalic.ufont" 559
"../../../Engine/Content/EngineFonts/Faces/RobotoBold.uasset" 560
"../../../Engine/Content/EngineFonts/Faces/RobotoBold.uexp" 561
"../../../Engine/Content/EngineFonts/Faces/RobotoBold.ufont" 562
"../../../Engine/Content/EngineFonts/Faces/DroidSansFallback.uasset" 563
"../../../Engine/Content/EngineFonts/Faces/DroidSansFallback.uexp" 564
"../../../Engine/Content/EngineFonts/Faces/DroidSansFallback.ufont" 565
"../../../Engine/Content/EngineFonts/Roboto.uasset" 566
"../../../Engine/Content/EngineFonts/Roboto.uexp" 567
"../../../Engine/Content/EngineMaterials/BaseFlattenNormalMap.uasset" 568
"../../../Engine/Content/EngineMaterials/BaseFlattenNormalMap.uexp" 569
"../../../Engine/Content/EngineMaterials/BaseFlattenGrayscaleMap.uasset" 570
"../../../Engine/Content/EngineMaterials/BaseFlattenGrayscaleMap.uexp" 571
"../../../Engine/Content/EngineMaterials/BaseFlattenEmissiveMap.uasset" 572
"../../../Engine/Content/EngineMaterials/BaseFlattenEmissiveMap.uexp" 573
"../../../Engine/Content/EngineMaterials/BaseFlattenDiffuseMap.uasset" 574
"../../../Engine/Content/EngineMaterials/BaseFlattenDiffuseMap.uexp" 575
"../../../Engine/Content/EngineMaterials/BaseFlattenMaterial.uasset" 576
"../../../Engine/Content/EngineMaterials/BaseFlattenMaterial.uexp" 577
"../../../Engine/Content/EngineMaterials/BlueNoise.uasset" 578
"../../../Engine/Content/EngineMaterials/BlueNoise.uexp" 579
"../../../Engine/Content/EngineMaterials/DefaultBloomKernel.uasset" 580
"../../../Engine/Content/EngineMaterials/DefaultBloomKernel.uexp" 581
"../../../Engine/Content/EngineMaterials/DefaultBokeh.uasset" 582
"../../../Engine/Content/EngineMaterials/DefaultBokeh.uexp" 583
"../../../Engine/Content/EngineMaterials/DefaultDiffuse.uasset" 584
"../../../Engine/Content/EngineMaterials/DefaultDiffuse.uexp" 585
"../../../Engine/Content/EngineMaterials/DefaultDiffuse.ubulk" 586
"../../../Engine/Content/EngineMaterials/DefaultDeferredDecalMaterial.uasset" 587
"../../../Engine/Content/EngineMaterials/DefaultDeferredDecalMaterial.uexp" 588
"../../../Engine/Content/EngineMaterials/DefaultLightFunctionMaterial.uasset" 589
"../../../Engine/Content/EngineMaterials/DefaultLightFunctionMaterial.uexp" 590
"../../../Engine/Content/EngineMaterials/DefaultPhysicalMaterial.uasset" 591
"../../../Engine/Content/EngineMaterials/DefaultPhysicalMaterial.uexp" 592
"../../../Engine/Content/Functions/Engine_MaterialFunctions02/Utility/BreakOutFloat2Components.uasset" 593
"../../../Engine/Content/Functions/Engine_MaterialFunctions02/Utility/BreakOutFloat2Components.uexp" 594
"../../../Engine/Content/EngineMaterials/DefaultPostProcessMaterial.uasset" 595
"../../../Engine/Content/EngineMaterials/DefaultPostProcessMaterial.uexp" 596
"../../../Engine/Content/EngineFonts/RobotoDistanceField.uasset" 597
"../../../Engine/Content/EngineFonts/RobotoDistanceField.uexp" 598
"../../../Engine/Content/EngineMaterials/DefaultTextMaterialOpaque.uasset" 599
"../../../Engine/Content/EngineMaterials/DefaultTextMaterialOpaque.uexp" 600
"../../../Engine/Content/EngineMaterials/DefaultWhiteGrid.uasset" 601
"../../../Engine/Content/EngineMaterials/DefaultWhiteGrid.uexp" 602
"../../../Engine/Content/EngineMaterials/DefaultWhiteGrid.ubulk" 603
"../../../Engine/Content/EngineMaterials/DefaultWhiteGrid_Low.uasset" 604
"../../../Engine/Content/EngineMaterials/DefaultWhiteGrid_Low.uexp" 605
"../../../Engine/Content/EngineMaterials/EmissiveMeshMaterial.uasset" 606
"../../../Engine/Content/EngineMaterials/EmissiveMeshMaterial.uexp" 607
"../../../Engine/Content/EngineMaterials/GizmoMaterial.uasset" 608
"../../../Engine/Content/EngineMaterials/GizmoMaterial.uexp" 609
"../../../Engine/Content/EngineMaterials/Good64x64TilingNoiseHighFreq.uasset" 610
"../../../Engine/Content/EngineMaterials/Good64x64TilingNoiseHighFreq.uexp" 611
"../../../Engine/Content/EngineMaterials/MiniFont.uasset" 612
"../../../Engine/Content/EngineMaterials/MiniFont.uexp" 613
"../../../Engine/Content/EngineMaterials/InvalidLightmapSettings.uasset" 614
"../../../Engine/Content/EngineMaterials/InvalidLightmapSettings.uexp" 615
"../../../Engine/Content/EngineMaterials/InvalidLightmapSettings.ubulk" 616
"../../../Engine/Content/EngineMaterials/M_InvalidLightmapSettings.uasset" 617
"../../../Engine/Content/EngineMaterials/M_InvalidLightmapSettings.uexp" 618
"../../../Engine/Content/Functions/Engine_MaterialFunctions02/WorldPositionOffset/CameraOffset.uasset" 619
"../../../Engine/Content/Functions/Engine_MaterialFunctions02/WorldPositionOffset/CameraOffset.uexp" 620
"../../../Engine/Content/EngineMaterials/PhAT_JointLimitMaterial.uasset" 621
"../../../Engine/Content/EngineMaterials/PhAT_JointLimitMaterial.uexp" 622
"../../../Engine/Content/EngineMaterials/DefaultCalibrationColor.uasset" 623
"../../../Engine/Content/EngineMaterials/DefaultCalibrationColor.uexp" 624
"../../../Engine/Content/EngineMaterials/PPM_DefaultCalibrationColor.uasset" 625
"../../../Engine/Content/EngineMaterials/PPM_DefaultCalibrationColor.uexp" 626
"../../../Engine/Content/EngineMaterials/DefaultCalibrationGrayscale.uasset" 627
"../../../Engine/Content/EngineMaterials/DefaultCalibrationGrayscale.uexp" 628
"../../../Engine/Content/EngineMaterials/PPM_DefaultCalibrationGrayscale.uasset" 629
"../../../Engine/Content/EngineMaterials/PPM_DefaultCalibrationGrayscale.uexp" 630
"../../../Engine/Content/EngineMaterials/PreintegratedSkinBRDF.uasset" 631
"../../../Engine/Content/EngineMaterials/PreintegratedSkinBRDF.uexp" 632
"../../../Engine/Content/EngineMaterials/RemoveSurfaceMaterial.uasset" 633
"../../../Engine/Content/EngineMaterials/RemoveSurfaceMaterial.uexp" 634
"../../../Engine/Content/EngineMaterials/WeightMapPlaceholderTexture.uasset" 635
"../../../Engine/Content/EngineMaterials/WeightMapPlaceholderTexture.uexp" 636
"../../../Engine/Content/EngineResources/WhiteSquareTexture.uasset" 637
"../../../Engine/Content/EngineResources/WhiteSquareTexture.uexp" 638
"../../../Engine/Content/EngineMaterials/Widget3DPassThrough.uasset" 639
"../../../Engine/Content/EngineMaterials/Widget3DPassThrough.uexp" 640
"../../../Engine/Content/EngineMaterials/Widget3DPassThrough_Masked.uasset" 641
"../../../Engine/Content/EngineMaterials/Widget3DPassThrough_Masked.uexp" 642
"../../../Engine/Content/EngineMaterials/Widget3DPassThrough_Opaque.uasset" 643
"../../../Engine/Content/EngineMaterials/Widget3DPassThrough_Opaque.uexp" 644
"../../../Engine/Content/EngineMaterials/Widget3DPassThrough_Masked_OneSided.uasset" 645
"../../../Engine/Content/EngineMaterials/Widget3DPassThrough_Masked_OneSided.uexp" 646
"../../../Engine/Content/EngineMaterials/Widget3DPassThrough_Opaque_OneSided.uasset" 647
"../../../Engine/Content/EngineMaterials/Widget3DPassThrough_Opaque_OneSided.uexp" 648
"../../../Engine/Content/EngineMaterials/Widget3DPassThrough_Translucent.uasset" 649
"../../../Engine/Content/EngineMaterials/Widget3DPassThrough_Translucent.uexp" 650
"../../../Engine/Content/EngineMaterials/Widget3DPassThrough_Translucent_OneSided.uasset" 651
"../../../Engine/Content/EngineMaterials/Widget3DPassThrough_Translucent_OneSided.uexp" 652
"../../../Engine/Content/EngineMeshes/Cylinder.uasset" 653
"../../../Engine/Content/EngineMeshes/Cylinder.uexp" 654
"../../../Engine/Content/EngineMeshes/Sphere.uasset" 655
"../../../Engine/Content/EngineMeshes/Sphere.uexp" 656
"../../../Engine/Content/EngineResources/DefaultTexture.uasset" 657
"../../../Engine/Content/EngineResources/DefaultTexture.uexp" 658
"../../../Engine/Content/EngineResources/DefaultTexture.ubulk" 659
"../../../Engine/Content/EngineResources/DefaultTextureCube.uasset" 660
"../../../Engine/Content/EngineResources/DefaultTextureCube.uexp" 661
"../../../Engine/Content/EngineResources/DefaultVolumeTexture2D.uasset" 662
"../../../Engine/Content/EngineResources/DefaultVolumeTexture2D.uexp" 663
"../../../Engine/Content/EngineResources/DefaultVolumeTexture.uasset" 664
"../../../Engine/Content/EngineResources/DefaultVolumeTexture.uexp" 665
"../../../Engine/Content/EngineResources/GradientTexture0.uasset" 666
"../../../Engine/Content/EngineResources/GradientTexture0.uexp" 667
"../../../Engine/Content/EngineSky/VolumetricClouds/T_NoiseShape64.uasset" 668
"../../../Engine/Content/EngineSky/VolumetricClouds/T_NoiseShape64.uexp" 669
"../../../Engine/Content/EngineSky/VolumetricClouds/T_NoiseShape64.ubulk" 670
"../../../Engine/Content/EngineSky/VolumetricClouds/T_VolumeNoiseShape64.uasset" 671
"../../../Engine/Content/EngineSky/VolumetricClouds/T_VolumeNoiseShape64.uexp" 672
"../../../Engine/Content/EngineSky/VolumetricClouds/T_NoiseErosion.uasset" 673
"../../../Engine/Content/EngineSky/VolumetricClouds/T_NoiseErosion.uexp" 674
"../../../Engine/Content/EngineSky/VolumetricClouds/T_NoiseErosion.ubulk" 675
"../../../Engine/Content/EngineSky/VolumetricClouds/T_VolumeNoiseErosion32.uasset" 676
"../../../Engine/Content/EngineSky/VolumetricClouds/T_VolumeNoiseErosion32.uexp" 677
"../../../Engine/Content/EngineSky/VolumetricClouds/CloudWeatherTexture.uasset" 678
"../../../Engine/Content/EngineSky/VolumetricClouds/CloudWeatherTexture.uexp" 679
"../../../Engine/Content/EngineSky/VolumetricClouds/CloudGradientTexture.uasset" 680
"../../../Engine/Content/EngineSky/VolumetricClouds/CloudGradientTexture.uexp" 681
"../../../Engine/Content/Functions/Engine_MaterialFunctions02/Utility/MakeFloat2.uasset" 682
"../../../Engine/Content/Functions/Engine_MaterialFunctions02/Utility/MakeFloat2.uexp" 683
"../../../Engine/Content/EngineSky/VolumetricClouds/m_SimpleVolumetricCloud.uasset" 684
"../../../Engine/Content/EngineSky/VolumetricClouds/m_SimpleVolumetricCloud.uexp" 685
"../../../Engine/Content/EngineSky/VolumetricClouds/m_SimpleVolumetricCloud_Inst.uasset" 686
"../../../Engine/Content/EngineSky/VolumetricClouds/m_SimpleVolumetricCloud_Inst.uexp" 687
"../../../Engine/Content/EngineSounds/Master.uasset" 688
"../../../Engine/Content/EngineSounds/Master.uexp" 689
"../../../Engine/Content/Functions/Engine_MaterialFunctions01/Shading/PowerToRoughness.uasset" 690
"../../../Engine/Content/Functions/Engine_MaterialFunctions01/Shading/PowerToRoughness.uexp" 691
"../../../Engine/Content/Maps/Templates/Thumbnails/Default.uasset" 692
"../../../Engine/Content/Maps/Templates/Thumbnails/Default.uexp" 693
"../../../Engine/Content/Maps/Templates/Thumbnails/TimeOfDay.uasset" 694
"../../../Engine/Content/Maps/Templates/Thumbnails/TimeOfDay.uexp" 695
"../../../Engine/Content/Maps/Templates/Thumbnails/VR-Basic.uasset" 696
"../../../Engine/Content/Maps/Templates/Thumbnails/VR-Basic.uexp" 697
"../../../Engine/Content/MobileResources/T_MobileControls_texture.uasset" 698
"../../../Engine/Content/MobileResources/T_MobileControls_texture.uexp" 699
"../../../Engine/Content/MobileResources/T_MobileMenu2.uasset" 700
"../../../Engine/Content/MobileResources/T_MobileMenu2.uexp" 701
"../../../Engine/Content/MobileResources/HUD/AnalogHat.uasset" 702
"../../../Engine/Content/MobileResources/HUD/AnalogHat.uexp" 703
"../../../Engine/Content/MobileResources/HUD/VirtualJoystick_Thumb.uasset" 704
"../../../Engine/Content/MobileResources/HUD/VirtualJoystick_Thumb.uexp" 705
"../../../Engine/Content/MobileResources/HUD/VirtualJoystick_Background.uasset" 706
"../../../Engine/Content/MobileResources/HUD/VirtualJoystick_Background.uexp" 707
"../../../Engine/Content/MobileResources/HUD/DefaultVirtualJoysticks.uasset" 708
"../../../Engine/Content/MobileResources/HUD/DefaultVirtualJoysticks.uexp" 709
"../../../Engine/Content/MobileResources/HUD/LeftVirtualJoystickOnly.uasset" 710
"../../../Engine/Content/MobileResources/HUD/LeftVirtualJoystickOnly.uexp" 711
"../../../Engine/Content/MobileResources/HUD/MobileHUDButton1_off.uasset" 712
"../../../Engine/Content/MobileResources/HUD/MobileHUDButton1_off.uexp" 713
"../../../Engine/Content/MobileResources/HUD/MobileHUDButton1_on.uasset" 714
"../../../Engine/Content/MobileResources/HUD/MobileHUDButton1_on.uexp" 715
"../../../Engine/Content/MobileResources/HUD/MobileHUDButton2_off.uasset" 716
"../../../Engine/Content/MobileResources/HUD/MobileHUDButton2_off.uexp" 717
"../../../Engine/Content/MobileResources/HUD/MobileHUDButton2_on.uasset" 718
"../../../Engine/Content/MobileResources/HUD/MobileHUDButton2_on.uexp" 719
"../../../Engine/Content/MobileResources/HUD/MobileHUDButton3.uasset" 720
"../../../Engine/Content/MobileResources/HUD/MobileHUDButton3.uexp" 721
"../../../Engine/Content/MobileResources/HUD/MobileHUDButtonFire.uasset" 722
"../../../Engine/Content/MobileResources/HUD/MobileHUDButtonFire.uexp" 723
"../../../Engine/Content/MobileResources/HUD/MobileHUDDirectionPad.uasset" 724
"../../../Engine/Content/MobileResources/HUD/MobileHUDDirectionPad.uexp" 725
"../../../Engine/Content/MobileResources/HUD/MobileHUDDirectionPad2.uasset" 726
"../../../Engine/Content/MobileResources/HUD/MobileHUDDirectionPad2.uexp" 727
"../../../Engine/Content/MobileResources/HUD/MobileHUDDirectionPad3.uasset" 728
"../../../Engine/Content/MobileResources/HUD/MobileHUDDirectionPad3.uexp" 729
"../../../Engine/Content/MobileResources/HUD/MobileHUDDirectionStick.uasset" 730
"../../../Engine/Content/MobileResources/HUD/MobileHUDDirectionStick.uexp" 731
"../../../Engine/Content/MobileResources/HUD/T_Castle_ThumbstickInner.uasset" 732
"../../../Engine/Content/MobileResources/HUD/T_Castle_ThumbstickInner.uexp" 733
"../../../Engine/Content/MobileResources/HUD/T_Castle_ThumbstickOutter.uasset" 734
"../../../Engine/Content/MobileResources/HUD/T_Castle_ThumbstickOutter.uexp" 735
"../../../Engine/Content/Tutorial/ContentIntroCurve.uasset" 736
"../../../Engine/Content/Tutorial/ContentIntroCurve.uexp" 737
"../../../Engine/Content/Tutorial/Basics/TutorialAssets/icon_tab_Levels_40x.uasset" 738
"../../../Engine/Content/Tutorial/Basics/TutorialAssets/icon_tab_Levels_40x.uexp" 739
"../../../Engine/Content/Tutorial/Landscape/TutorialAssets/Landscape.uasset" 740
"../../../Engine/Content/Tutorial/Landscape/TutorialAssets/Landscape.uexp" 741
"../../../Engine/Content/VREditor/TransformGizmo/TranslucentTransformGizmoMaterial.uasset" 742
"../../../Engine/Content/VREditor/TransformGizmo/TranslucentTransformGizmoMaterial.uexp" 743
"../../../Engine/Content/VREditor/LaserPointer/VR_LaserPower_01.uasset" 744
"../../../Engine/Content/VREditor/LaserPointer/VR_LaserPower_01.uexp" 745
"../../../Engine/Content/VREditor/LaserPointer/VR_LaserPower_01.ubulk" 746
"../../../Engine/Content/VREditor/TransformGizmo/TransformGizmoMaterial.uasset" 747
"../../../Engine/Content/VREditor/TransformGizmo/TransformGizmoMaterial.uexp" 748
"../../../Engine/Content/VREditor/TransformGizmo/BoundingBoxCorner.uasset" 749
"../../../Engine/Content/VREditor/TransformGizmo/BoundingBoxCorner.uexp" 750
"../../../Engine/Content/VREditor/TransformGizmo/BoundingBoxEdge.uasset" 751
"../../../Engine/Content/VREditor/TransformGizmo/BoundingBoxEdge.uexp" 752
"../../../Engine/Content/VREditor/TransformGizmo/PlaneTranslationHandle.uasset" 753
"../../../Engine/Content/VREditor/TransformGizmo/PlaneTranslationHandle.uexp" 754
"../../../Engine/Content/VREditor/TransformGizmo/Xray.uasset" 755
"../../../Engine/Content/VREditor/TransformGizmo/Xray.uexp" 756
"../../../Engine/Content/VREditor/TransformGizmo/Main.uasset" 757
"../../../Engine/Content/VREditor/TransformGizmo/Main.uexp" 758
"../../../Engine/Content/VREditor/TransformGizmo/SM_Sequencer_Key.uasset" 759
"../../../Engine/Content/VREditor/TransformGizmo/SM_Sequencer_Key.uexp" 760
"../../../Engine/Content/VREditor/TransformGizmo/SM_Sequencer_Node.uasset" 761
"../../../Engine/Content/VREditor/TransformGizmo/SM_Sequencer_Node.uexp" 762
"../../../Engine/Plugins/2D/Paper2D/Content/DummySprite.uasset" 763
"../../../Engine/Plugins/2D/Paper2D/Content/DummySprite.uexp" 764
"../../../Engine/Plugins/2D/Paper2D/Content/DefaultPaperTerrainMaterial.uasset" 765
"../../../Engine/Plugins/2D/Paper2D/Content/DefaultPaperTerrainMaterial.uexp" 766
"../../../Engine/Plugins/2D/Paper2D/Content/MaskedUnlitSpriteMaterial.uasset" 767
"../../../Engine/Plugins/2D/Paper2D/Content/MaskedUnlitSpriteMaterial.uexp" 768
"../../../Engine/Plugins/2D/Paper2D/Content/OpaqueUnlitSpriteMaterial.uasset" 769
"../../../Engine/Plugins/2D/Paper2D/Content/OpaqueUnlitSpriteMaterial.uexp" 770
"../../../Engine/Plugins/2D/Paper2D/Content/Tutorial/Paper2D/TutorialAssets/Paper2DFlipbook_TutorialIcon.uasset" 771
"../../../Engine/Plugins/2D/Paper2D/Content/Tutorial/Paper2D/TutorialAssets/Paper2DFlipbook_TutorialIcon.uexp" 772
"../../../Engine/Plugins/2D/Paper2D/Content/Tutorial/Paper2D/TutorialAssets/Paper2DSprite_TutorialIcon.uasset" 773
"../../../Engine/Plugins/2D/Paper2D/Content/Tutorial/Paper2D/TutorialAssets/Paper2DSprite_TutorialIcon.uexp" 774
"../../../Engine/Plugins/Editor/SpeedTreeImporter/Content/SpeedTree9/EmptyNormal.uasset" 775
"../../../Engine/Plugins/Editor/SpeedTreeImporter/Content/SpeedTree9/EmptyNormal.uexp" 776
"../../../Engine/Plugins/Editor/SpeedTreeImporter/Content/SpeedTree9/Empty.uasset" 777
"../../../Engine/Plugins/Editor/SpeedTreeImporter/Content/SpeedTree9/Empty.uexp" 778
"../../../Engine/Content/Functions/Engine_MaterialFunctions02/Utility/BreakOutFloat3Components.uasset" 779
"../../../Engine/Content/Functions/Engine_MaterialFunctions02/Utility/BreakOutFloat3Components.uexp" 780
"../../../Engine/Plugins/Editor/SpeedTreeImporter/Content/SpeedTree9/UnpackInteger3.uasset" 781
"../../../Engine/Plugins/Editor/SpeedTreeImporter/Content/SpeedTree9/UnpackInteger3.uexp" 782
"../../../Engine/Plugins/Editor/SpeedTreeImporter/Content/SpeedTree9/UnpackDirection.uasset" 783
"../../../Engine/Plugins/Editor/SpeedTreeImporter/Content/SpeedTree9/UnpackDirection.uexp" 784
"../../../Engine/Plugins/Editor/SpeedTreeImporter/Content/SpeedTree9/game_wind_noise.uasset" 785
"../../../Engine/Plugins/Editor/SpeedTreeImporter/Content/SpeedTree9/game_wind_noise.uexp" 786
"../../../Engine/Plugins/Editor/SpeedTreeImporter/Content/SpeedTree9/game_wind_noise.ubulk" 787
"../../../Engine/Content/Functions/Engine_MaterialFunctions02/SafeNormalize.uasset" 788
"../../../Engine/Content/Functions/Engine_MaterialFunctions02/SafeNormalize.uexp" 789
"../../../Engine/Plugins/Editor/SpeedTreeImporter/Content/SpeedTree9/SpeedTreeWindMotion.uasset" 790
"../../../Engine/Plugins/Editor/SpeedTreeImporter/Content/SpeedTree9/SpeedTreeWindMotion.uexp" 791
"../../../Engine/Plugins/Editor/SpeedTreeImporter/Content/SpeedTree9/SpeedTreeBranchMotion.uasset" 792
"../../../Engine/Plugins/Editor/SpeedTreeImporter/Content/SpeedTree9/SpeedTreeBranchMotion.uexp" 793
"../../../Engine/Content/Functions/Engine_MaterialFunctions02/ObjectLocalBounds.uasset" 794
"../../../Engine/Content/Functions/Engine_MaterialFunctions02/ObjectLocalBounds.uexp" 795
"../../../Engine/Content/Functions/Engine_MaterialFunctions02/UVs/BoundingBoxBased_0-1_UVW.uasset" 796
"../../../Engine/Content/Functions/Engine_MaterialFunctions02/UVs/BoundingBoxBased_0-1_UVW.uexp" 797
"../../../Engine/Content/Functions/Engine_MaterialFunctions02/Utility/VectorLength.uasset" 798
"../../../Engine/Content/Functions/Engine_MaterialFunctions02/Utility/VectorLength.uexp" 799
"../../../Engine/Content/Functions/Engine_MaterialFunctions02/WorldPositionOffset/ObjectScale.uasset" 800
"../../../Engine/Content/Functions/Engine_MaterialFunctions02/WorldPositionOffset/ObjectScale.uexp" 801
"../../../Engine/Plugins/Editor/SpeedTreeImporter/Content/SpeedTree9/SpeedTreeWind.uasset" 802
"../../../Engine/Plugins/Editor/SpeedTreeImporter/Content/SpeedTree9/SpeedTreeWind.uexp" 803
"../../../Engine/Plugins/Editor/SpeedTreeImporter/Content/SpeedTree9/SpeedTreeBillboard.uasset" 804
"../../../Engine/Plugins/Editor/SpeedTreeImporter/Content/SpeedTree9/SpeedTreeBillboard.uexp" 805
"../../../Engine/Plugins/Editor/SpeedTreeImporter/Content/SpeedTree9/SpeedTreeBillboardMaster.uasset" 806
"../../../Engine/Plugins/Editor/SpeedTreeImporter/Content/SpeedTree9/SpeedTreeBillboardMaster.uexp" 807
"../../../Engine/Plugins/Editor/SpeedTreeImporter/Content/SpeedTree9/SpeedTreeCameraFacing.uasset" 808
"../../../Engine/Plugins/Editor/SpeedTreeImporter/Content/SpeedTree9/SpeedTreeCameraFacing.uexp" 809
"../../../Engine/Plugins/Editor/SpeedTreeImporter/Content/SpeedTree9/SpeedTreeMaster.uasset" 810
"../../../Engine/Plugins/Editor/SpeedTreeImporter/Content/SpeedTree9/SpeedTreeMaster.uexp" 811
"../../../Engine/Content/BasicShapes/Cylinder.uasset" 812
"../../../Engine/Content/BasicShapes/Cylinder.uexp" 813
"../../../Engine/Content/ArtTools/RenderToTexture/Materials/Debug/M_Emissive_Color.uasset" 814
"../../../Engine/Content/ArtTools/RenderToTexture/Materials/Debug/M_Emissive_Color.uexp" 815
"../../../Engine/Plugins/Lumin/MagicLeapPassableWorld/Content/MagicLeapARPinInfoActor.uasset" 816
"../../../Engine/Plugins/Lumin/MagicLeapPassableWorld/Content/MagicLeapARPinInfoActor.uexp" 817
"../../../Engine/Plugins/Runtime/OpenXR/Content/Devices/GoogleDaydream/MRTexture.uasset" 818
"../../../Engine/Plugins/Runtime/OpenXR/Content/Devices/GoogleDaydream/MRTexture.uexp" 819
"../../../Engine/Plugins/Runtime/OpenXR/Content/Devices/GoogleDaydream/MRTexture.ubulk" 820
"../../../Engine/Plugins/Runtime/OpenXR/Content/Devices/GoogleDaydream/BaseTexture.uasset" 821
"../../../Engine/Plugins/Runtime/OpenXR/Content/Devices/GoogleDaydream/BaseTexture.uexp" 822
"../../../Engine/Plugins/Runtime/OpenXR/Content/Devices/GoogleDaydream/BaseTexture.ubulk" 823
"../../../Engine/Content/EngineResources/Black.uasset" 824
"../../../Engine/Content/EngineResources/Black.uexp" 825
"../../../Engine/Plugins/Runtime/OpenXR/Content/Devices/M_XRController.uasset" 826
"../../../Engine/Plugins/Runtime/OpenXR/Content/Devices/M_XRController.uexp" 827
"../../../Engine/Plugins/Runtime/OpenXR/Content/Devices/GoogleDaydream/MI_GoogleDaydream.uasset" 828
"../../../Engine/Plugins/Runtime/OpenXR/Content/Devices/GoogleDaydream/MI_GoogleDaydream.uexp" 829
"../../../Engine/Plugins/Runtime/OpenXR/Content/Devices/GoogleDaydream/GoogleDaydreamController.uasset" 830
"../../../Engine/Plugins/Runtime/OpenXR/Content/Devices/GoogleDaydream/GoogleDaydreamController.uexp" 831
"../../../Engine/Plugins/Runtime/OpenXR/Content/Devices/HTCVive/BaseTexture.uasset" 832
"../../../Engine/Plugins/Runtime/OpenXR/Content/Devices/HTCVive/BaseTexture.uexp" 833
"../../../Engine/Plugins/Runtime/OpenXR/Content/Devices/HTCVive/BaseTexture.ubulk" 834
"../../../Engine/Plugins/Runtime/OpenXR/Content/Devices/HTCVive/MI_HTCVive.uasset" 835
"../../../Engine/Plugins/Runtime/OpenXR/Content/Devices/HTCVive/MI_HTCVive.uexp" 836
"../../../Engine/Plugins/Runtime/OpenXR/Content/Devices/HTCVive/HTCViveController.uasset" 837
"../../../Engine/Plugins/Runtime/OpenXR/Content/Devices/HTCVive/HTCViveController.uexp" 838
"../../../Engine/Plugins/Runtime/OpenXR/Content/Devices/MicrosoftMixedReality/NormalTexture.uasset" 839
"../../../Engine/Plugins/Runtime/OpenXR/Content/Devices/MicrosoftMixedReality/NormalTexture.uexp" 840
"../../../Engine/Plugins/Runtime/OpenXR/Content/Devices/MicrosoftMixedReality/NormalTexture.ubulk" 841
"../../../Engine/Plugins/Runtime/OpenXR/Content/Devices/MicrosoftMixedReality/MRTexture.uasset" 842
"../../../Engine/Plugins/Runtime/OpenXR/Content/Devices/MicrosoftMixedReality/MRTexture.uexp" 843
"../../../Engine/Plugins/Runtime/OpenXR/Content/Devices/MicrosoftMixedReality/MRTexture.ubulk" 844
"../../../Engine/Plugins/Runtime/OpenXR/Content/Devices/MicrosoftMixedReality/EmissiveTexture.uasset" 845
"../../../Engine/Plugins/Runtime/OpenXR/Content/Devices/MicrosoftMixedReality/EmissiveTexture.uexp" 846
"../../../Engine/Plugins/Runtime/OpenXR/Content/Devices/MicrosoftMixedReality/EmissiveTexture.ubulk" 847
"../../../Engine/Plugins/Runtime/OpenXR/Content/Devices/MicrosoftMixedReality/BaseTexture.uasset" 848
"../../../Engine/Plugins/Runtime/OpenXR/Content/Devices/MicrosoftMixedReality/BaseTexture.uexp" 849
"../../../Engine/Plugins/Runtime/OpenXR/Content/Devices/MicrosoftMixedReality/BaseTexture.ubulk" 850
"../../../Engine/Plugins/Runtime/OpenXR/Content/Devices/MicrosoftMixedReality/MI_MicrosoftMixedReality.uasset" 851
"../../../Engine/Plugins/Runtime/OpenXR/Content/Devices/MicrosoftMixedReality/MI_MicrosoftMixedReality.uexp" 852
"../../../Engine/Plugins/Runtime/OpenXR/Content/Devices/MicrosoftMixedReality/Left/left_MicrosoftMixedRealityController.uasset" 853
"../../../Engine/Plugins/Runtime/OpenXR/Content/Devices/MicrosoftMixedReality/Left/left_MicrosoftMixedRealityController.uexp" 854
"../../../Engine/Plugins/Runtime/OpenXR/Content/Devices/MicrosoftMixedReality/Right/right_MicrosoftMixedRealityController.uasset" 855
"../../../Engine/Plugins/Runtime/OpenXR/Content/Devices/MicrosoftMixedReality/Right/right_MicrosoftMixedRealityController.uexp" 856
"../../../Engine/Plugins/Runtime/OpenXR/Content/Devices/OculusGo/BaseTexture.uasset" 857
"../../../Engine/Plugins/Runtime/OpenXR/Content/Devices/OculusGo/BaseTexture.uexp" 858
"../../../Engine/Plugins/Runtime/OpenXR/Content/Devices/OculusGo/BaseTexture.ubulk" 859
"../../../Engine/Plugins/Runtime/OpenXR/Content/Devices/OculusGo/MI_OculusGo.uasset" 860
"../../../Engine/Plugins/Runtime/OpenXR/Content/Devices/OculusGo/MI_OculusGo.uexp" 861
"../../../Engine/Plugins/Runtime/OpenXR/Content/Devices/OculusGo/OculusGoController.uasset" 862
"../../../Engine/Plugins/Runtime/OpenXR/Content/Devices/OculusGo/OculusGoController.uexp" 863
"../../../Engine/Plugins/Runtime/OpenXR/Content/Devices/OculusTouch/MRTexture.uasset" 864
"../../../Engine/Plugins/Runtime/OpenXR/Content/Devices/OculusTouch/MRTexture.uexp" 865
"../../../Engine/Plugins/Runtime/OpenXR/Content/Devices/OculusTouch/MRTexture.ubulk" 866
"../../../Engine/Plugins/Runtime/OpenXR/Content/Devices/OculusTouch/BaseTexture.uasset" 867
"../../../Engine/Plugins/Runtime/OpenXR/Content/Devices/OculusTouch/BaseTexture.uexp" 868
"../../../Engine/Plugins/Runtime/OpenXR/Content/Devices/OculusTouch/BaseTexture.ubulk" 869
"../../../Engine/Plugins/Runtime/OpenXR/Content/Devices/OculusTouch/MI_OculusTouch.uasset" 870
"../../../Engine/Plugins/Runtime/OpenXR/Content/Devices/OculusTouch/MI_OculusTouch.uexp" 871
"../../../Engine/Plugins/Runtime/OpenXR/Content/Devices/OculusTouch/Left/left_OculusTouchController.uasset" 872
"../../../Engine/Plugins/Runtime/OpenXR/Content/Devices/OculusTouch/Left/left_OculusTouchController.uexp" 873
"../../../Engine/Plugins/Runtime/OpenXR/Content/Devices/OculusTouch/Right/right_OculusTouchController.uasset" 874
"../../../Engine/Plugins/Runtime/OpenXR/Content/Devices/OculusTouch/Right/right_OculusTouchController.uexp" 875
"../../../Engine/Plugins/Runtime/OpenXR/Content/Devices/OculusTouch_v2/MRTexture.uasset" 876
"../../../Engine/Plugins/Runtime/OpenXR/Content/Devices/OculusTouch_v2/MRTexture.uexp" 877
"../../../Engine/Plugins/Runtime/OpenXR/Content/Devices/OculusTouch_v2/MRTexture.ubulk" 878
"../../../Engine/Plugins/Runtime/OpenXR/Content/Devices/OculusTouch_v2/BaseTexture.uasset" 879
"../../../Engine/Plugins/Runtime/OpenXR/Content/Devices/OculusTouch_v2/BaseTexture.uexp" 880
"../../../Engine/Plugins/Runtime/OpenXR/Content/Devices/OculusTouch_v2/BaseTexture.ubulk" 881
"../../../Engine/Plugins/Runtime/OpenXR/Content/Devices/OculusTouch_v2/MI_OculusTouch_v2.uasset" 882
"../../../Engine/Plugins/Runtime/OpenXR/Content/Devices/OculusTouch_v2/MI_OculusTouch_v2.uexp" 883
"../../../Engine/Plugins/Runtime/OpenXR/Content/Devices/OculusTouch_v2/Left/left_OculusTouch_v2Controller.uasset" 884
"../../../Engine/Plugins/Runtime/OpenXR/Content/Devices/OculusTouch_v2/Left/left_OculusTouch_v2Controller.uexp" 885
"../../../Engine/Plugins/Runtime/OpenXR/Content/Devices/OculusTouch_v2/Right/right_OculusTouch_v2Controller.uasset" 886
"../../../Engine/Plugins/Runtime/OpenXR/Content/Devices/OculusTouch_v2/Right/right_OculusTouch_v2Controller.uexp" 887
"../../../Engine/Plugins/Runtime/OpenXR/Content/Devices/OculusTouch_v3/MRTexture.uasset" 888
"../../../Engine/Plugins/Runtime/OpenXR/Content/Devices/OculusTouch_v3/MRTexture.uexp" 889
"../../../Engine/Plugins/Runtime/OpenXR/Content/Devices/OculusTouch_v3/MRTexture.ubulk" 890
"../../../Engine/Plugins/Runtime/OpenXR/Content/Devices/OculusTouch_v3/BaseTexture.uasset" 891
"../../../Engine/Plugins/Runtime/OpenXR/Content/Devices/OculusTouch_v3/BaseTexture.uexp" 892
"../../../Engine/Plugins/Runtime/OpenXR/Content/Devices/OculusTouch_v3/BaseTexture.ubulk" 893
"../../../Engine/Plugins/Runtime/OpenXR/Content/Devices/OculusTouch_v3/MI_OculusTouch_v3.uasset" 894
"../../../Engine/Plugins/Runtime/OpenXR/Content/Devices/OculusTouch_v3/MI_OculusTouch_v3.uexp" 895
"../../../Engine/Plugins/Runtime/OpenXR/Content/Devices/OculusTouch_v3/Left/left_OculusTouch_v3Controller.uasset" 896
"../../../Engine/Plugins/Runtime/OpenXR/Content/Devices/OculusTouch_v3/Left/left_OculusTouch_v3Controller.uexp" 897
"../../../Engine/Plugins/Runtime/OpenXR/Content/Devices/OculusTouch_v3/Right/right_OculusTouch_v3Controller.uasset" 898
"../../../Engine/Plugins/Runtime/OpenXR/Content/Devices/OculusTouch_v3/Right/right_OculusTouch_v3Controller.uexp" 899
"../../../Engine/Plugins/Runtime/OpenXR/Content/Devices/ValveIndex/MRTexture.uasset" 900
"../../../Engine/Plugins/Runtime/OpenXR/Content/Devices/ValveIndex/MRTexture.uexp" 901
"../../../Engine/Plugins/Runtime/OpenXR/Content/Devices/ValveIndex/MRTexture.ubulk" 902
"../../../Engine/Plugins/Runtime/OpenXR/Content/Devices/ValveIndex/BaseTexture.uasset" 903
"../../../Engine/Plugins/Runtime/OpenXR/Content/Devices/ValveIndex/BaseTexture.uexp" 904
"../../../Engine/Plugins/Runtime/OpenXR/Content/Devices/ValveIndex/BaseTexture.ubulk" 905
"../../../Engine/Plugins/Runtime/OpenXR/Content/Devices/ValveIndex/Left/MI_left_ValveIndex.uasset" 906
"../../../Engine/Plugins/Runtime/OpenXR/Content/Devices/ValveIndex/Left/MI_left_ValveIndex.uexp" 907
"../../../Engine/Plugins/Runtime/OpenXR/Content/Devices/ValveIndex/Left/left_ValveIndexController.uasset" 908
"../../../Engine/Plugins/Runtime/OpenXR/Content/Devices/ValveIndex/Left/left_ValveIndexController.uexp" 909
"../../../Engine/Plugins/Runtime/OpenXR/Content/Devices/ValveIndex/Right/MI_right_ValveIndex.uasset" 910
"../../../Engine/Plugins/Runtime/OpenXR/Content/Devices/ValveIndex/Right/MI_right_ValveIndex.uexp" 911
"../../../Engine/Plugins/Runtime/OpenXR/Content/Devices/ValveIndex/Right/right_ValveIndexController.uasset" 912
"../../../Engine/Plugins/Runtime/OpenXR/Content/Devices/ValveIndex/Right/right_ValveIndexController.uexp" 913
"../../../Engine/Content/Functions/Engine_MaterialFunctions02/Utility/BreakOutFloat4Components.uasset" 914
"../../../Engine/Content/Functions/Engine_MaterialFunctions02/Utility/BreakOutFloat4Components.uexp" 915
"../../../Engine/Content/Functions/Engine_MaterialFunctions02/Utility/MakeFloat3.uasset" 916
"../../../Engine/Content/Functions/Engine_MaterialFunctions02/Utility/MakeFloat3.uexp" 917
"../../../Engine/Plugins/Runtime/Oculus/OculusVR/Content/Materials/OculusMR_ChromaKey.uasset" 918
"../../../Engine/Plugins/Runtime/Oculus/OculusVR/Content/Materials/OculusMR_ChromaKey.uexp" 919
"../../../Engine/Plugins/Runtime/Oculus/OculusVR/Content/Materials/OculusMR_OpaqueColoredMaterial.uasset" 920
"../../../Engine/Plugins/Runtime/Oculus/OculusVR/Content/Materials/OculusMR_OpaqueColoredMaterial.uexp" 921
"../../../Engine/Plugins/Runtime/Oculus/OculusVR/Content/Materials/PokeAHoleMaterial.uasset" 922
"../../../Engine/Plugins/Runtime/Oculus/OculusVR/Content/Materials/PokeAHoleMaterial.uexp" 923
"../../../Engine/Plugins/Runtime/Oculus/OculusVR/Content/Textures/touchController_controlmap.uasset" 924
"../../../Engine/Plugins/Runtime/Oculus/OculusVR/Content/Textures/touchController_controlmap.uexp" 925
"../../../Engine/Plugins/Runtime/Oculus/OculusVR/Content/Textures/touchController_controlmap.ubulk" 926
"../../../Engine/Plugins/Runtime/Oculus/OculusVR/Content/Textures/touchController_albedo.uasset" 927
"../../../Engine/Plugins/Runtime/Oculus/OculusVR/Content/Textures/touchController_albedo.uexp" 928
"../../../Engine/Plugins/Runtime/Oculus/OculusVR/Content/Textures/touchController_albedo.ubulk" 929
"../../../Engine/Plugins/Runtime/Oculus/OculusVR/Content/Materials/touchController_mat.uasset" 930
"../../../Engine/Plugins/Runtime/Oculus/OculusVR/Content/Materials/touchController_mat.uexp" 931
"../../../Engine/Plugins/Runtime/Oculus/OculusVR/Content/Meshes/LeftTouchController.uasset" 932
"../../../Engine/Plugins/Runtime/Oculus/OculusVR/Content/Meshes/LeftTouchController.uexp" 933
"../../../Engine/Plugins/Runtime/Oculus/OculusVR/Content/Textures/TouchForQuestRiftSController_albedo.uasset" 934
"../../../Engine/Plugins/Runtime/Oculus/OculusVR/Content/Textures/TouchForQuestRiftSController_albedo.uexp" 935
"../../../Engine/Plugins/Runtime/Oculus/OculusVR/Content/Textures/TouchForQuestRiftSController_albedo.ubulk" 936
"../../../Engine/Plugins/Runtime/Oculus/OculusVR/Content/Materials/TouchForQuestRiftSControllerMaterial.uasset" 937
"../../../Engine/Plugins/Runtime/Oculus/OculusVR/Content/Materials/TouchForQuestRiftSControllerMaterial.uexp" 938
"../../../Engine/Plugins/Runtime/Oculus/OculusVR/Content/Meshes/LeftTouchForQuestRiftSController.uasset" 939
"../../../Engine/Plugins/Runtime/Oculus/OculusVR/Content/Meshes/LeftTouchForQuestRiftSController.uexp" 940
"../../../Engine/Plugins/Runtime/Oculus/OculusVR/Content/Meshes/RiftHMD.uasset" 941
"../../../Engine/Plugins/Runtime/Oculus/OculusVR/Content/Meshes/RiftHMD.uexp" 942
"../../../Engine/Plugins/Runtime/Oculus/OculusVR/Content/Meshes/RightTouchController.uasset" 943
"../../../Engine/Plugins/Runtime/Oculus/OculusVR/Content/Meshes/RightTouchController.uexp" 944
"../../../Engine/Plugins/Runtime/Oculus/OculusVR/Content/Meshes/RightTouchForQuestRiftSController.uasset" 945
"../../../Engine/Plugins/Runtime/Oculus/OculusVR/Content/Meshes/RightTouchForQuestRiftSController.uexp" 946
"C:/Users/melpi/source/repos/PenningTrap/Content/Audio/SFX/Reaktor.uasset" 947
"C:/Users/melpi/source/repos/PenningTrap/Content/Audio/SFX/Reaktor.uexp" 948
"C:/Users/melpi/source/repos/PenningTrap/Content/Assets/Textures/EGG_GENERATOR.uasset" 949
"C:/Users/melpi/source/repos/PenningTrap/Content/Assets/Textures/EGG_GENERATOR.uexp" 950
"C:/Users/melpi/source/repos/PenningTrap/Content/Assets/Sprites/EGG_GENERATOR_Sprite.uasset" 951
"C:/Users/melpi/source/repos/PenningTrap/Content/Assets/Sprites/EGG_GENERATOR_Sprite.uexp" 952
"C:/Users/melpi/source/repos/PenningTrap/Content/Blueprints/BP_Generator.uasset" 953
"C:/Users/melpi/source/repos/PenningTrap/Content/Blueprints/BP_Generator.uexp" 954
"C:/Users/melpi/source/repos/PenningTrap/Content/Assets/TileAssets/BG2_Plan2.uasset" 955
"C:/Users/melpi/source/repos/PenningTrap/Content/Assets/TileAssets/BG2_Plan2.uexp" 956
"C:/Users/melpi/source/repos/PenningTrap/Content/Assets/Sprites/BG2_Plan2_Sprite.uasset" 957
"C:/Users/melpi/source/repos/PenningTrap/Content/Assets/Sprites/BG2_Plan2_Sprite.uexp" 958
"C:/Users/melpi/source/repos/PenningTrap/Content/Levels/Level1.uexp" 959
"C:/Users/melpi/source/repos/PenningTrap/Content/Levels/Level1.umap" 960
"C:/Users/melpi/source/repos/PenningTrap/Content/Audio/SFX/Pickup_ammo.uasset" 961
"C:/Users/melpi/source/repos/PenningTrap/Content/Audio/SFX/Pickup_ammo.uexp" 962
"C:/Users/melpi/source/repos/PenningTrap/Content/Blueprints/BP_AmmoPickup.uasset" 963
"C:/Users/melpi/source/repos/PenningTrap/Content/Blueprints/BP_AmmoPickup.uexp" 964
"C:/Users/melpi/source/repos/PenningTrap/Content/Levels/Level2.uexp" 965
"C:/Users/melpi/source/repos/PenningTrap/Content/Levels/Level2.umap" 966
"C:/Users/melpi/source/repos/PenningTrap/Content/Assets/TileAssets/Tilemaps/Level3Reality.uasset" 967
"C:/Users/melpi/source/repos/PenningTrap/Content/Assets/TileAssets/Tilemaps/Level3Reality.uexp" 968
"C:/Users/melpi/source/repos/PenningTrap/Content/Assets/TileAssets/Anty_Tile_3_TileSet.uasset" 969
"C:/Users/melpi/source/repos/PenningTrap/Content/Assets/TileAssets/Anty_Tile_3_TileSet.uexp" 970
"C:/Users/melpi/source/repos/PenningTrap/Content/Assets/TileAssets/Tilemaps/Level3AntiReality.uasset" 971
"C:/Users/melpi/source/repos/PenningTrap/Content/Assets/TileAssets/Tilemaps/Level3AntiReality.uexp" 972
"C:/Users/melpi/source/repos/PenningTrap/Content/Levels/Level3.uexp" 973
"C:/Users/melpi/source/repos/PenningTrap/Content/Levels/Level3.umap" 974
"C:/Users/melpi/source/repos/PenningTrap/Content/Assets/TileAssets/Tilemaps/Level4Reality.uasset" 975
"C:/Users/melpi/source/repos/PenningTrap/Content/Assets/TileAssets/Tilemaps/Level4Reality.uexp" 976
"C:/Users/melpi/source/repos/PenningTrap/Content/Assets/TileAssets/Tilemaps/Level4AntiReality.uasset" 977
"C:/Users/melpi/source/repos/PenningTrap/Content/Assets/TileAssets/Tilemaps/Level4AntiReality.uexp" 978
"C:/Users/melpi/source/repos/PenningTrap/Content/Levels/Level4.uexp" 979
"C:/Users/melpi/source/repos/PenningTrap/Content/Levels/Level4.umap" 980
"C:/Users/melpi/source/repos/PenningTrap/Content/Assets/TileAssets/Tilemaps/Level5Reality.uasset" 981
"C:/Users/melpi/source/repos/PenningTrap/Content/Assets/TileAssets/Tilemaps/Level5Reality.uexp" 982
"C:/Users/melpi/source/repos/PenningTrap/Content/Assets/TileAssets/Tilemaps/Level5AntiReality.uasset" 983
"C:/Users/melpi/source/repos/PenningTrap/Content/Assets/TileAssets/Tilemaps/Level5AntiReality.uexp" 984
"C:/Users/melpi/source/repos/PenningTrap/Content/Levels/Level5.uexp" 985
"C:/Users/melpi/source/repos/PenningTrap/Content/Levels/Level5.umap" 986
"C:/Users/melpi/source/repos/PenningTrap/Content/Assets/Textures/menu.uasset" 987
"C:/Users/melpi/source/repos/PenningTrap/Content/Assets/Textures/menu.uexp" 988
"C:/Users/melpi/source/repos/PenningTrap/Content/Blueprints/BP_MainMenu.uasset" 989
"C:/Users/melpi/source/repos/PenningTrap/Content/Blueprints/BP_MainMenu.uexp" 990
"C:/Users/melpi/source/repos/PenningTrap/Content/Levels/MainMenu.uexp" 991
"C:/Users/melpi/source/repos/PenningTrap/Content/Levels/MainMenu.umap" 992
"../../../Engine/Content/Maps/Entry_BuiltData.uasset" 993
"../../../Engine/Content/Maps/Entry_BuiltData.uexp" 994
"../../../Engine/Content/Maps/Entry.uexp" 995
"../../../Engine/Content/Maps/Entry.umap" 996
